[0.967s] Invoking command in '/home/bhajneet/eyrc_hb/hb_task_2_ws/src/eYRC-2023_Hologlyph_Bots/hb_task2a': PYTHONPATH=/home/bhajneet/eyrc_hb/hb_task_2_ws/build/hb_task2a/prefix_override:/home/bhajneet/eyrc_hb/hb_task_2_ws/install/hb_task2a/lib/python3.10/site-packages:${PYTHONPATH} /usr/bin/python3 setup.py egg_info --egg-base ../../../build/hb_task2a build --build-base /home/bhajneet/eyrc_hb/hb_task_2_ws/build/hb_task2a/build install --record /home/bhajneet/eyrc_hb/hb_task_2_ws/build/hb_task2a/install.log --single-version-externally-managed
[1.206s] running egg_info
[1.206s] creating ../../../build/hb_task2a/hb_task2a.egg-info
[1.206s] writing ../../../build/hb_task2a/hb_task2a.egg-info/PKG-INFO
[1.207s] writing dependency_links to ../../../build/hb_task2a/hb_task2a.egg-info/dependency_links.txt
[1.207s] writing entry points to ../../../build/hb_task2a/hb_task2a.egg-info/entry_points.txt
[1.207s] writing requirements to ../../../build/hb_task2a/hb_task2a.egg-info/requires.txt
[1.207s] writing top-level names to ../../../build/hb_task2a/hb_task2a.egg-info/top_level.txt
[1.207s] writing manifest file '../../../build/hb_task2a/hb_task2a.egg-info/SOURCES.txt'
[1.209s] reading manifest file '../../../build/hb_task2a/hb_task2a.egg-info/SOURCES.txt'
[1.210s] writing manifest file '../../../build/hb_task2a/hb_task2a.egg-info/SOURCES.txt'
[1.210s] running build
[1.210s] running build_py
[1.210s] creating /home/bhajneet/eyrc_hb/hb_task_2_ws/build/hb_task2a/build
[1.210s] creating /home/bhajneet/eyrc_hb/hb_task_2_ws/build/hb_task2a/build/lib
[1.210s] creating /home/bhajneet/eyrc_hb/hb_task_2_ws/build/hb_task2a/build/lib/hb_task2a
[1.210s] copying hb_task2a/__init__.py -> /home/bhajneet/eyrc_hb/hb_task_2_ws/build/hb_task2a/build/lib/hb_task2a
[1.210s] running install
[1.211s] running install_lib
[1.211s] creating /home/bhajneet/eyrc_hb/hb_task_2_ws/install/hb_task2a/lib/python3.10/site-packages/hb_task2a
[1.212s] copying /home/bhajneet/eyrc_hb/hb_task_2_ws/build/hb_task2a/build/lib/hb_task2a/__init__.py -> /home/bhajneet/eyrc_hb/hb_task_2_ws/install/hb_task2a/lib/python3.10/site-packages/hb_task2a
[1.212s] byte-compiling /home/bhajneet/eyrc_hb/hb_task_2_ws/install/hb_task2a/lib/python3.10/site-packages/hb_task2a/__init__.py to __init__.cpython-310.pyc
[1.212s] running install_data
[1.213s] creating /home/bhajneet/eyrc_hb/hb_task_2_ws/install/hb_task2a/share/ament_index
[1.213s] creating /home/bhajneet/eyrc_hb/hb_task_2_ws/install/hb_task2a/share/ament_index/resource_index
[1.213s] creating /home/bhajneet/eyrc_hb/hb_task_2_ws/install/hb_task2a/share/ament_index/resource_index/packages
[1.213s] copying resource/hb_task2a -> /home/bhajneet/eyrc_hb/hb_task_2_ws/install/hb_task2a/share/ament_index/resource_index/packages
[1.213s] copying package.xml -> /home/bhajneet/eyrc_hb/hb_task_2_ws/install/hb_task2a/share/hb_task2a
[1.213s] creating /home/bhajneet/eyrc_hb/hb_task_2_ws/install/hb_task2a/share/hb_task2a/launch
[1.213s] copying launch/task2a.launch.py -> /home/bhajneet/eyrc_hb/hb_task_2_ws/install/hb_task2a/share/hb_task2a/launch
[1.214s] creating /home/bhajneet/eyrc_hb/hb_task_2_ws/install/hb_task2a/share/hb_task2a/scripts
[1.214s] copying scripts/feedback.py -> /home/bhajneet/eyrc_hb/hb_task_2_ws/install/hb_task2a/share/hb_task2a/scripts
[1.214s] copying scripts/controller.py -> /home/bhajneet/eyrc_hb/hb_task_2_ws/install/hb_task2a/share/hb_task2a/scripts
[1.214s] copying scripts/service_node.py -> /home/bhajneet/eyrc_hb/hb_task_2_ws/install/hb_task2a/share/hb_task2a/scripts
[1.214s] running install_egg_info
[1.216s] Copying ../../../build/hb_task2a/hb_task2a.egg-info to /home/bhajneet/eyrc_hb/hb_task_2_ws/install/hb_task2a/lib/python3.10/site-packages/hb_task2a-0.0.0-py3.10.egg-info
[1.216s] running install_scripts
[1.236s] Installing feedback script to /home/bhajneet/eyrc_hb/hb_task_2_ws/install/hb_task2a/lib/hb_task2a
[1.236s] writing list of installed files to '/home/bhajneet/eyrc_hb/hb_task_2_ws/build/hb_task2a/install.log'
[1.281s] Invoked command in '/home/bhajneet/eyrc_hb/hb_task_2_ws/src/eYRC-2023_Hologlyph_Bots/hb_task2a' returned '0': PYTHONPATH=/home/bhajneet/eyrc_hb/hb_task_2_ws/build/hb_task2a/prefix_override:/home/bhajneet/eyrc_hb/hb_task_2_ws/install/hb_task2a/lib/python3.10/site-packages:${PYTHONPATH} /usr/bin/python3 setup.py egg_info --egg-base ../../../build/hb_task2a build --build-base /home/bhajneet/eyrc_hb/hb_task_2_ws/build/hb_task2a/build install --record /home/bhajneet/eyrc_hb/hb_task_2_ws/build/hb_task2a/install.log --single-version-externally-managed
