[0.709s] Invoking command in '/home/bhajneet/eyrc_hb/hb_task1a_ws/src/hb_task_1a': PYTHONPATH=/home/bhajneet/eyrc_hb/hb_task1a_ws/build/hb_task_1a/prefix_override:/home/bhajneet/eyrc_hb/hb_task1a_ws/install/hb_task_1a/lib/python3.10/site-packages:${PYTHONPATH} /usr/bin/python3 setup.py egg_info --egg-base ../../build/hb_task_1a build --build-base /home/bhajneet/eyrc_hb/hb_task1a_ws/build/hb_task_1a/build install --record /home/bhajneet/eyrc_hb/hb_task1a_ws/build/hb_task_1a/install.log --single-version-externally-managed
[1.000s] running egg_info
[1.000s] creating ../../build/hb_task_1a/hb_task_1a.egg-info
[1.001s] writing ../../build/hb_task_1a/hb_task_1a.egg-info/PKG-INFO
[1.001s] writing dependency_links to ../../build/hb_task_1a/hb_task_1a.egg-info/dependency_links.txt
[1.001s] writing entry points to ../../build/hb_task_1a/hb_task_1a.egg-info/entry_points.txt
[1.001s] writing requirements to ../../build/hb_task_1a/hb_task_1a.egg-info/requires.txt
[1.002s] writing top-level names to ../../build/hb_task_1a/hb_task_1a.egg-info/top_level.txt
[1.002s] writing manifest file '../../build/hb_task_1a/hb_task_1a.egg-info/SOURCES.txt'
[1.004s] reading manifest file '../../build/hb_task_1a/hb_task_1a.egg-info/SOURCES.txt'
[1.005s] writing manifest file '../../build/hb_task_1a/hb_task_1a.egg-info/SOURCES.txt'
[1.005s] running build
[1.005s] running build_py
[1.006s] creating /home/bhajneet/eyrc_hb/hb_task1a_ws/build/hb_task_1a/build
[1.006s] creating /home/bhajneet/eyrc_hb/hb_task1a_ws/build/hb_task_1a/build/lib
[1.006s] creating /home/bhajneet/eyrc_hb/hb_task1a_ws/build/hb_task_1a/build/lib/hb_task_1a
[1.006s] copying hb_task_1a/__init__.py -> /home/bhajneet/eyrc_hb/hb_task1a_ws/build/hb_task_1a/build/lib/hb_task_1a
[1.006s] copying hb_task_1a/task_1a_2070.py -> /home/bhajneet/eyrc_hb/hb_task1a_ws/build/hb_task_1a/build/lib/hb_task_1a
[1.006s] running install
[1.006s] running install_lib
[1.007s] creating /home/bhajneet/eyrc_hb/hb_task1a_ws/install/hb_task_1a/lib/python3.10/site-packages/hb_task_1a
[1.007s] copying /home/bhajneet/eyrc_hb/hb_task1a_ws/build/hb_task_1a/build/lib/hb_task_1a/__init__.py -> /home/bhajneet/eyrc_hb/hb_task1a_ws/install/hb_task_1a/lib/python3.10/site-packages/hb_task_1a
[1.007s] copying /home/bhajneet/eyrc_hb/hb_task1a_ws/build/hb_task_1a/build/lib/hb_task_1a/task_1a_2070.py -> /home/bhajneet/eyrc_hb/hb_task1a_ws/install/hb_task_1a/lib/python3.10/site-packages/hb_task_1a
[1.008s] byte-compiling /home/bhajneet/eyrc_hb/hb_task1a_ws/install/hb_task_1a/lib/python3.10/site-packages/hb_task_1a/__init__.py to __init__.cpython-310.pyc
[1.008s] byte-compiling /home/bhajneet/eyrc_hb/hb_task1a_ws/install/hb_task_1a/lib/python3.10/site-packages/hb_task_1a/task_1a_2070.py to task_1a_2070.cpython-310.pyc
[1.008s] running install_data
[1.009s] creating /home/bhajneet/eyrc_hb/hb_task1a_ws/install/hb_task_1a/share/ament_index
[1.009s] creating /home/bhajneet/eyrc_hb/hb_task1a_ws/install/hb_task_1a/share/ament_index/resource_index
[1.009s] creating /home/bhajneet/eyrc_hb/hb_task1a_ws/install/hb_task_1a/share/ament_index/resource_index/packages
[1.009s] copying resource/hb_task_1a -> /home/bhajneet/eyrc_hb/hb_task1a_ws/install/hb_task_1a/share/ament_index/resource_index/packages
[1.009s] copying package.xml -> /home/bhajneet/eyrc_hb/hb_task1a_ws/install/hb_task_1a/share/hb_task_1a
[1.010s] running install_egg_info
[1.012s] Copying ../../build/hb_task_1a/hb_task_1a.egg-info to /home/bhajneet/eyrc_hb/hb_task1a_ws/install/hb_task_1a/lib/python3.10/site-packages/hb_task_1a-0.0.0-py3.10.egg-info
[1.013s] running install_scripts
[1.036s] writing list of installed files to '/home/bhajneet/eyrc_hb/hb_task1a_ws/build/hb_task_1a/install.log'
[1.080s] Invoked command in '/home/bhajneet/eyrc_hb/hb_task1a_ws/src/hb_task_1a' returned '0': PYTHONPATH=/home/bhajneet/eyrc_hb/hb_task1a_ws/build/hb_task_1a/prefix_override:/home/bhajneet/eyrc_hb/hb_task1a_ws/install/hb_task_1a/lib/python3.10/site-packages:${PYTHONPATH} /usr/bin/python3 setup.py egg_info --egg-base ../../build/hb_task_1a build --build-base /home/bhajneet/eyrc_hb/hb_task1a_ws/build/hb_task_1a/build install --record /home/bhajneet/eyrc_hb/hb_task1a_ws/build/hb_task_1a/install.log --single-version-externally-managed
