[2.713s] DEBUG:colcon:Command line arguments: ['/usr/bin/colcon', 'list', '-p', '--base-paths', '/home/bhajneet/eyrc_hb/hb_task1a_ws']
[2.714s] DEBUG:colcon:Parsed command line arguments: Namespace(log_base=None, log_level=None, verb_name='list', build_base='build', ignore_user_meta=False, metas=['./colcon.meta'], base_paths=['/home/bhajneet/eyrc_hb/hb_task1a_ws'], packages_ignore=None, packages_ignore_regex=None, paths=None, packages_up_to=None, packages_up_to_regex=None, packages_above=None, packages_above_and_dependencies=None, packages_above_depth=None, packages_select_by_dep=None, packages_skip_by_dep=None, packages_skip_up_to=None, packages_select_build_failed=False, packages_skip_build_finished=False, packages_select_test_failures=False, packages_skip_test_passed=False, packages_select=None, packages_skip=None, packages_select_regex=None, packages_skip_regex=None, packages_start=None, packages_end=None, allow_overriding=[], topological_order=False, names_only=False, paths_only=True, topological_graph=False, topological_graph_dot=False, topological_graph_density=False, topological_graph_legend=False, topological_graph_dot_cluster=False, topological_graph_dot_include_skipped=False, verb_parser=<colcon_defaults.argument_parser.defaults.DefaultArgumentsDecorator object at 0x7f91e129e530>, verb_extension=<colcon_package_information.verb.list.ListVerb object at 0x7f91e1394220>, main=<bound method ListVerb.main of <colcon_package_information.verb.list.ListVerb object at 0x7f91e1394220>>)
[2.853s] Level 1:colcon.colcon_core.package_discovery:discover_packages(colcon_meta) check parameters
[2.853s] Level 1:colcon.colcon_core.package_discovery:discover_packages(recursive) check parameters
[2.853s] Level 1:colcon.colcon_core.package_discovery:discover_packages(ignore) check parameters
[2.853s] Level 1:colcon.colcon_core.package_discovery:discover_packages(path) check parameters
[2.853s] Level 1:colcon.colcon_core.package_discovery:discover_packages(recursive) discover
[2.853s] INFO:colcon.colcon_core.package_discovery:Crawling recursively for packages in '/home/bhajneet/eyrc_hb/hb_task1a_ws'
[2.853s] Level 1:colcon.colcon_core.package_identification:_identify(/home/bhajneet/eyrc_hb/hb_task1a_ws) by extensions ['ignore', 'ignore_ament_install']
[2.853s] Level 1:colcon.colcon_core.package_identification:_identify(/home/bhajneet/eyrc_hb/hb_task1a_ws) by extension 'ignore'
[2.854s] Level 1:colcon.colcon_core.package_identification:_identify(/home/bhajneet/eyrc_hb/hb_task1a_ws) by extension 'ignore_ament_install'
[2.854s] Level 1:colcon.colcon_core.package_identification:_identify(/home/bhajneet/eyrc_hb/hb_task1a_ws) by extensions ['colcon_pkg']
[2.854s] Level 1:colcon.colcon_core.package_identification:_identify(/home/bhajneet/eyrc_hb/hb_task1a_ws) by extension 'colcon_pkg'
[2.854s] Level 1:colcon.colcon_core.package_identification:_identify(/home/bhajneet/eyrc_hb/hb_task1a_ws) by extensions ['colcon_meta']
[2.854s] Level 1:colcon.colcon_core.package_identification:_identify(/home/bhajneet/eyrc_hb/hb_task1a_ws) by extension 'colcon_meta'
[2.854s] Level 1:colcon.colcon_core.package_identification:_identify(/home/bhajneet/eyrc_hb/hb_task1a_ws) by extensions ['ros']
[2.854s] Level 1:colcon.colcon_core.package_identification:_identify(/home/bhajneet/eyrc_hb/hb_task1a_ws) by extension 'ros'
[2.881s] Level 1:colcon.colcon_core.package_identification:_identify(/home/bhajneet/eyrc_hb/hb_task1a_ws) by extensions ['cmake', 'python']
[2.881s] Level 1:colcon.colcon_core.package_identification:_identify(/home/bhajneet/eyrc_hb/hb_task1a_ws) by extension 'cmake'
[2.881s] Level 1:colcon.colcon_core.package_identification:_identify(/home/bhajneet/eyrc_hb/hb_task1a_ws) by extension 'python'
[2.881s] Level 1:colcon.colcon_core.package_identification:_identify(/home/bhajneet/eyrc_hb/hb_task1a_ws) by extensions ['python_setup_py']
[2.882s] Level 1:colcon.colcon_core.package_identification:_identify(/home/bhajneet/eyrc_hb/hb_task1a_ws) by extension 'python_setup_py'
[2.882s] Level 1:colcon.colcon_core.package_identification:_identify(/home/bhajneet/eyrc_hb/hb_task1a_ws/build) by extensions ['ignore', 'ignore_ament_install']
[2.882s] Level 1:colcon.colcon_core.package_identification:_identify(/home/bhajneet/eyrc_hb/hb_task1a_ws/build) by extension 'ignore'
[2.882s] Level 1:colcon.colcon_core.package_identification:_identify(/home/bhajneet/eyrc_hb/hb_task1a_ws/build) ignored
[2.883s] Level 1:colcon.colcon_core.package_identification:_identify(/home/bhajneet/eyrc_hb/hb_task1a_ws/install) by extensions ['ignore', 'ignore_ament_install']
[2.883s] Level 1:colcon.colcon_core.package_identification:_identify(/home/bhajneet/eyrc_hb/hb_task1a_ws/install) by extension 'ignore'
[2.883s] Level 1:colcon.colcon_core.package_identification:_identify(/home/bhajneet/eyrc_hb/hb_task1a_ws/install) ignored
[2.883s] Level 1:colcon.colcon_core.package_identification:_identify(/home/bhajneet/eyrc_hb/hb_task1a_ws/log) by extensions ['ignore', 'ignore_ament_install']
[2.883s] Level 1:colcon.colcon_core.package_identification:_identify(/home/bhajneet/eyrc_hb/hb_task1a_ws/log) by extension 'ignore'
[2.883s] Level 1:colcon.colcon_core.package_identification:_identify(/home/bhajneet/eyrc_hb/hb_task1a_ws/log) ignored
[2.883s] Level 1:colcon.colcon_core.package_identification:_identify(/home/bhajneet/eyrc_hb/hb_task1a_ws/src) by extensions ['ignore', 'ignore_ament_install']
[2.884s] Level 1:colcon.colcon_core.package_identification:_identify(/home/bhajneet/eyrc_hb/hb_task1a_ws/src) by extension 'ignore'
[2.884s] Level 1:colcon.colcon_core.package_identification:_identify(/home/bhajneet/eyrc_hb/hb_task1a_ws/src) by extension 'ignore_ament_install'
[2.884s] Level 1:colcon.colcon_core.package_identification:_identify(/home/bhajneet/eyrc_hb/hb_task1a_ws/src) by extensions ['colcon_pkg']
[2.884s] Level 1:colcon.colcon_core.package_identification:_identify(/home/bhajneet/eyrc_hb/hb_task1a_ws/src) by extension 'colcon_pkg'
[2.884s] Level 1:colcon.colcon_core.package_identification:_identify(/home/bhajneet/eyrc_hb/hb_task1a_ws/src) by extensions ['colcon_meta']
[2.884s] Level 1:colcon.colcon_core.package_identification:_identify(/home/bhajneet/eyrc_hb/hb_task1a_ws/src) by extension 'colcon_meta'
[2.884s] Level 1:colcon.colcon_core.package_identification:_identify(/home/bhajneet/eyrc_hb/hb_task1a_ws/src) by extensions ['ros']
[2.884s] Level 1:colcon.colcon_core.package_identification:_identify(/home/bhajneet/eyrc_hb/hb_task1a_ws/src) by extension 'ros'
[2.884s] Level 1:colcon.colcon_core.package_identification:_identify(/home/bhajneet/eyrc_hb/hb_task1a_ws/src) by extensions ['cmake', 'python']
[2.885s] Level 1:colcon.colcon_core.package_identification:_identify(/home/bhajneet/eyrc_hb/hb_task1a_ws/src) by extension 'cmake'
[2.885s] Level 1:colcon.colcon_core.package_identification:_identify(/home/bhajneet/eyrc_hb/hb_task1a_ws/src) by extension 'python'
[2.885s] Level 1:colcon.colcon_core.package_identification:_identify(/home/bhajneet/eyrc_hb/hb_task1a_ws/src) by extensions ['python_setup_py']
[2.885s] Level 1:colcon.colcon_core.package_identification:_identify(/home/bhajneet/eyrc_hb/hb_task1a_ws/src) by extension 'python_setup_py'
[2.885s] Level 1:colcon.colcon_core.package_identification:_identify(/home/bhajneet/eyrc_hb/hb_task1a_ws/src/hb_task_1a) by extensions ['ignore', 'ignore_ament_install']
[2.885s] Level 1:colcon.colcon_core.package_identification:_identify(/home/bhajneet/eyrc_hb/hb_task1a_ws/src/hb_task_1a) by extension 'ignore'
[2.885s] Level 1:colcon.colcon_core.package_identification:_identify(/home/bhajneet/eyrc_hb/hb_task1a_ws/src/hb_task_1a) by extension 'ignore_ament_install'
[2.886s] Level 1:colcon.colcon_core.package_identification:_identify(/home/bhajneet/eyrc_hb/hb_task1a_ws/src/hb_task_1a) by extensions ['colcon_pkg']
[2.886s] Level 1:colcon.colcon_core.package_identification:_identify(/home/bhajneet/eyrc_hb/hb_task1a_ws/src/hb_task_1a) by extension 'colcon_pkg'
[2.886s] Level 1:colcon.colcon_core.package_identification:_identify(/home/bhajneet/eyrc_hb/hb_task1a_ws/src/hb_task_1a) by extensions ['colcon_meta']
[2.886s] Level 1:colcon.colcon_core.package_identification:_identify(/home/bhajneet/eyrc_hb/hb_task1a_ws/src/hb_task_1a) by extension 'colcon_meta'
[2.886s] Level 1:colcon.colcon_core.package_identification:_identify(/home/bhajneet/eyrc_hb/hb_task1a_ws/src/hb_task_1a) by extensions ['ros']
[2.886s] Level 1:colcon.colcon_core.package_identification:_identify(/home/bhajneet/eyrc_hb/hb_task1a_ws/src/hb_task_1a) by extension 'ros'
[2.892s] DEBUG:colcon.colcon_core.package_identification:Package '/home/bhajneet/eyrc_hb/hb_task1a_ws/src/hb_task_1a' with type 'ros.ament_python' and name 'hb_task_1a'
[2.893s] Level 1:colcon.colcon_core.package_identification:_identify(/home/bhajneet/eyrc_hb/hb_task1a_ws/src/ros_tutorials) by extensions ['ignore', 'ignore_ament_install']
[2.893s] Level 1:colcon.colcon_core.package_identification:_identify(/home/bhajneet/eyrc_hb/hb_task1a_ws/src/ros_tutorials) by extension 'ignore'
[2.893s] Level 1:colcon.colcon_core.package_identification:_identify(/home/bhajneet/eyrc_hb/hb_task1a_ws/src/ros_tutorials) by extension 'ignore_ament_install'
[2.893s] Level 1:colcon.colcon_core.package_identification:_identify(/home/bhajneet/eyrc_hb/hb_task1a_ws/src/ros_tutorials) by extensions ['colcon_pkg']
[2.893s] Level 1:colcon.colcon_core.package_identification:_identify(/home/bhajneet/eyrc_hb/hb_task1a_ws/src/ros_tutorials) by extension 'colcon_pkg'
[2.893s] Level 1:colcon.colcon_core.package_identification:_identify(/home/bhajneet/eyrc_hb/hb_task1a_ws/src/ros_tutorials) by extensions ['colcon_meta']
[2.893s] Level 1:colcon.colcon_core.package_identification:_identify(/home/bhajneet/eyrc_hb/hb_task1a_ws/src/ros_tutorials) by extension 'colcon_meta'
[2.894s] Level 1:colcon.colcon_core.package_identification:_identify(/home/bhajneet/eyrc_hb/hb_task1a_ws/src/ros_tutorials) by extensions ['ros']
[2.894s] Level 1:colcon.colcon_core.package_identification:_identify(/home/bhajneet/eyrc_hb/hb_task1a_ws/src/ros_tutorials) by extension 'ros'
[2.894s] Level 1:colcon.colcon_core.package_identification:_identify(/home/bhajneet/eyrc_hb/hb_task1a_ws/src/ros_tutorials) by extensions ['cmake', 'python']
[2.894s] Level 1:colcon.colcon_core.package_identification:_identify(/home/bhajneet/eyrc_hb/hb_task1a_ws/src/ros_tutorials) by extension 'cmake'
[2.895s] Level 1:colcon.colcon_core.package_identification:_identify(/home/bhajneet/eyrc_hb/hb_task1a_ws/src/ros_tutorials) by extension 'python'
[2.895s] Level 1:colcon.colcon_core.package_identification:_identify(/home/bhajneet/eyrc_hb/hb_task1a_ws/src/ros_tutorials) by extensions ['python_setup_py']
[2.895s] Level 1:colcon.colcon_core.package_identification:_identify(/home/bhajneet/eyrc_hb/hb_task1a_ws/src/ros_tutorials) by extension 'python_setup_py'
[2.895s] Level 1:colcon.colcon_core.package_identification:_identify(/home/bhajneet/eyrc_hb/hb_task1a_ws/src/ros_tutorials/ros_tutorials) by extensions ['ignore', 'ignore_ament_install']
[2.895s] Level 1:colcon.colcon_core.package_identification:_identify(/home/bhajneet/eyrc_hb/hb_task1a_ws/src/ros_tutorials/ros_tutorials) by extension 'ignore'
[2.895s] Level 1:colcon.colcon_core.package_identification:_identify(/home/bhajneet/eyrc_hb/hb_task1a_ws/src/ros_tutorials/ros_tutorials) ignored
[2.895s] Level 1:colcon.colcon_core.package_identification:_identify(/home/bhajneet/eyrc_hb/hb_task1a_ws/src/ros_tutorials/turtlesim) by extensions ['ignore', 'ignore_ament_install']
[2.896s] Level 1:colcon.colcon_core.package_identification:_identify(/home/bhajneet/eyrc_hb/hb_task1a_ws/src/ros_tutorials/turtlesim) by extension 'ignore'
[2.896s] Level 1:colcon.colcon_core.package_identification:_identify(/home/bhajneet/eyrc_hb/hb_task1a_ws/src/ros_tutorials/turtlesim) by extension 'ignore_ament_install'
[2.896s] Level 1:colcon.colcon_core.package_identification:_identify(/home/bhajneet/eyrc_hb/hb_task1a_ws/src/ros_tutorials/turtlesim) by extensions ['colcon_pkg']
[2.896s] Level 1:colcon.colcon_core.package_identification:_identify(/home/bhajneet/eyrc_hb/hb_task1a_ws/src/ros_tutorials/turtlesim) by extension 'colcon_pkg'
[2.896s] Level 1:colcon.colcon_core.package_identification:_identify(/home/bhajneet/eyrc_hb/hb_task1a_ws/src/ros_tutorials/turtlesim) by extensions ['colcon_meta']
[2.896s] Level 1:colcon.colcon_core.package_identification:_identify(/home/bhajneet/eyrc_hb/hb_task1a_ws/src/ros_tutorials/turtlesim) by extension 'colcon_meta'
[2.896s] Level 1:colcon.colcon_core.package_identification:_identify(/home/bhajneet/eyrc_hb/hb_task1a_ws/src/ros_tutorials/turtlesim) by extensions ['ros']
[2.896s] Level 1:colcon.colcon_core.package_identification:_identify(/home/bhajneet/eyrc_hb/hb_task1a_ws/src/ros_tutorials/turtlesim) by extension 'ros'
[2.898s] DEBUG:colcon.colcon_core.package_identification:Package '/home/bhajneet/eyrc_hb/hb_task1a_ws/src/ros_tutorials/turtlesim' with type 'ros.ament_cmake' and name 'turtlesim'
[2.898s] Level 1:colcon.colcon_core.package_discovery:discover_packages(recursive) using defaults
