[0.401s] Invoking command in '/home/bhajneet/eyrc_hb/hb_task_2_ws/build/my_robot_interfaces': CMAKE_PREFIX_PATH=${CMAKE_PREFIX_PATH}:/home/bhajneet/eyrc_hb/hb_task1b_ws/install/hb_task_1b:/home/bhajneet/eyrc_hb/hb_task1a_ws/install/hb_task_1a:/opt/ros/humble /usr/bin/cmake /home/bhajneet/eyrc_hb/hb_task_2_ws/src/eYRC-2023_Hologlyph_Bots/my_robot_interfaces -DCMAKE_INSTALL_PREFIX=/home/bhajneet/eyrc_hb/hb_task_2_ws/install/my_robot_interfaces
[0.458s] -- The C compiler identification is GNU 11.4.0
[0.515s] -- The CXX compiler identification is GNU 11.4.0
[0.523s] -- Detecting C compiler ABI info
[0.585s] -- Detecting C compiler ABI info - done
[0.597s] -- Check for working C compiler: /usr/bin/cc - skipped
[0.597s] -- Detecting C compile features
[0.598s] -- Detecting C compile features - done
[0.602s] -- Detecting CXX compiler ABI info
[0.689s] -- Detecting CXX compiler ABI info - done
[0.698s] -- Check for working CXX compiler: /usr/bin/c++ - skipped
[0.698s] -- Detecting CXX compile features
[0.699s] -- Detecting CXX compile features - done
[0.702s] -- Found ament_cmake: 1.3.5 (/opt/ros/humble/share/ament_cmake/cmake)
[0.900s] -- Found Python3: /usr/bin/python3.10 (found version "3.10.12") found components: Interpreter 
[0.985s] -- Found rosidl_default_generators: 1.2.0 (/opt/ros/humble/share/rosidl_default_generators/cmake)
[0.988s] -- Using all available rosidl_typesupport_c: rosidl_typesupport_fastrtps_c;rosidl_typesupport_introspection_c
[0.994s] -- Found rosidl_adapter: 3.1.5 (/opt/ros/humble/share/rosidl_adapter/cmake)
[1.033s] -- Using all available rosidl_typesupport_cpp: rosidl_typesupport_fastrtps_cpp;rosidl_typesupport_introspection_cpp
[1.351s] -- Found ament_cmake_ros: 0.10.0 (/opt/ros/humble/share/ament_cmake_ros/cmake)
[1.531s] -- Using all available rosidl_typesupport_c: rosidl_typesupport_fastrtps_c;rosidl_typesupport_introspection_c
[1.767s] -- Using all available rosidl_typesupport_cpp: rosidl_typesupport_fastrtps_cpp;rosidl_typesupport_introspection_cpp
[1.789s] -- Found PythonInterp: /usr/bin/python3 (found suitable version "3.10.12", minimum required is "3.6") 
[1.791s] -- Found python_cmake_module: 0.10.0 (/opt/ros/humble/share/python_cmake_module/cmake)
[1.816s] -- Found PythonLibs: /usr/lib/x86_64-linux-gnu/libpython3.10.so (found suitable version "3.10.12", minimum required is "3.5") 
[1.817s] -- Using PYTHON_EXECUTABLE: /usr/bin/python3
[1.817s] -- Using PYTHON_INCLUDE_DIRS: /usr/include/python3.10
[1.817s] -- Using PYTHON_LIBRARIES: /usr/lib/x86_64-linux-gnu/libpython3.10.so
[1.837s] -- Found PythonExtra: .so  
[1.881s] -- Configuring done
[1.906s] -- Generating done
[1.908s] -- Build files have been written to: /home/bhajneet/eyrc_hb/hb_task_2_ws/build/my_robot_interfaces
[1.920s] Invoked command in '/home/bhajneet/eyrc_hb/hb_task_2_ws/build/my_robot_interfaces' returned '0': CMAKE_PREFIX_PATH=${CMAKE_PREFIX_PATH}:/home/bhajneet/eyrc_hb/hb_task1b_ws/install/hb_task_1b:/home/bhajneet/eyrc_hb/hb_task1a_ws/install/hb_task_1a:/opt/ros/humble /usr/bin/cmake /home/bhajneet/eyrc_hb/hb_task_2_ws/src/eYRC-2023_Hologlyph_Bots/my_robot_interfaces -DCMAKE_INSTALL_PREFIX=/home/bhajneet/eyrc_hb/hb_task_2_ws/install/my_robot_interfaces
[1.921s] Invoking command in '/home/bhajneet/eyrc_hb/hb_task_2_ws/build/my_robot_interfaces': CMAKE_PREFIX_PATH=${CMAKE_PREFIX_PATH}:/home/bhajneet/eyrc_hb/hb_task1b_ws/install/hb_task_1b:/home/bhajneet/eyrc_hb/hb_task1a_ws/install/hb_task_1a:/opt/ros/humble /usr/bin/cmake --build /home/bhajneet/eyrc_hb/hb_task_2_ws/build/my_robot_interfaces -- -j8 -l8
[1.954s] [  3%] [34m[1mGenerating C code for ROS interfaces[0m
[1.963s] [  6%] [34m[1mGenerating C++ code for ROS interfaces[0m
[1.970s] [  6%] Built target ament_cmake_python_copy_my_robot_interfaces
[2.229s] running egg_info
[2.230s] creating my_robot_interfaces.egg-info
[2.230s] writing my_robot_interfaces.egg-info/PKG-INFO
[2.230s] writing dependency_links to my_robot_interfaces.egg-info/dependency_links.txt
[2.230s] writing top-level names to my_robot_interfaces.egg-info/top_level.txt
[2.231s] writing manifest file 'my_robot_interfaces.egg-info/SOURCES.txt'
[2.233s] reading manifest file 'my_robot_interfaces.egg-info/SOURCES.txt'
[2.234s] writing manifest file 'my_robot_interfaces.egg-info/SOURCES.txt'
[2.263s] [  6%] Built target my_robot_interfaces__cpp
[2.272s] [ 12%] [34m[1mGenerating C++ type support dispatch for ROS interfaces[0m
[2.272s] [ 12%] [34m[1mGenerating C++ type support for eProsima Fast-RTPS[0m
[2.273s] [ 12%] Built target ament_cmake_python_build_my_robot_interfaces_egg
[2.276s] [ 19%] [34m[1mGenerating C++ introspection for ROS interfaces[0m
[2.276s] [ 19%] [32mBuilding C object CMakeFiles/my_robot_interfaces__rosidl_generator_c.dir/rosidl_generator_c/my_robot_interfaces/srv/detail/next_goal__functions.c.o[0m
[2.338s] [ 22%] [32m[1mLinking C shared library libmy_robot_interfaces__rosidl_generator_c.so[0m
[2.370s] [ 22%] Built target my_robot_interfaces__rosidl_generator_c
[2.380s] [ 25%] [34m[1mGenerating C introspection for ROS interfaces[0m
[2.382s] [ 29%] [34m[1mGenerating C type support for eProsima Fast-RTPS[0m
[2.383s] [ 32%] [34m[1mGenerating C type support dispatch for ROS interfaces[0m
[2.554s] [ 35%] [32mBuilding CXX object CMakeFiles/my_robot_interfaces__rosidl_typesupport_fastrtps_cpp.dir/rosidl_typesupport_fastrtps_cpp/my_robot_interfaces/srv/detail/dds_fastrtps/next_goal__type_support.cpp.o[0m
[2.589s] [ 38%] [32mBuilding CXX object CMakeFiles/my_robot_interfaces__rosidl_typesupport_cpp.dir/rosidl_typesupport_cpp/my_robot_interfaces/srv/next_goal__type_support.cpp.o[0m
[2.636s] [ 41%] [32mBuilding CXX object CMakeFiles/my_robot_interfaces__rosidl_typesupport_introspection_cpp.dir/rosidl_typesupport_introspection_cpp/my_robot_interfaces/srv/detail/next_goal__type_support.cpp.o[0m
[2.679s] [ 45%] [32mBuilding C object CMakeFiles/my_robot_interfaces__rosidl_typesupport_introspection_c.dir/rosidl_typesupport_introspection_c/my_robot_interfaces/srv/detail/next_goal__type_support.c.o[0m
[2.706s] [ 48%] [32mBuilding CXX object CMakeFiles/my_robot_interfaces__rosidl_typesupport_c.dir/rosidl_typesupport_c/my_robot_interfaces/srv/next_goal__type_support.cpp.o[0m
[2.715s] [ 51%] [32m[1mLinking C shared library libmy_robot_interfaces__rosidl_typesupport_introspection_c.so[0m
[2.737s] [ 54%] [32m[1mLinking CXX shared library libmy_robot_interfaces__rosidl_typesupport_c.so[0m
[2.744s] [ 54%] Built target my_robot_interfaces__rosidl_typesupport_introspection_c
[2.778s] [ 54%] Built target my_robot_interfaces__rosidl_typesupport_c
[2.798s] [ 58%] [32mBuilding CXX object CMakeFiles/my_robot_interfaces__rosidl_typesupport_fastrtps_c.dir/rosidl_typesupport_fastrtps_c/my_robot_interfaces/srv/detail/next_goal__type_support_c.cpp.o[0m
[2.918s] [ 61%] [32m[1mLinking CXX shared library libmy_robot_interfaces__rosidl_typesupport_cpp.so[0m
[2.960s] [ 61%] Built target my_robot_interfaces__rosidl_typesupport_cpp
[3.035s] [ 64%] [32m[1mLinking CXX shared library libmy_robot_interfaces__rosidl_typesupport_fastrtps_cpp.so[0m
[3.042s] [ 67%] [32m[1mLinking CXX shared library libmy_robot_interfaces__rosidl_typesupport_introspection_cpp.so[0m
[3.082s] [ 67%] Built target my_robot_interfaces__rosidl_typesupport_introspection_cpp
[3.112s] [ 67%] Built target my_robot_interfaces__rosidl_typesupport_fastrtps_cpp
[3.118s] [ 70%] [32m[1mLinking CXX shared library libmy_robot_interfaces__rosidl_typesupport_fastrtps_c.so[0m
[3.188s] [ 70%] Built target my_robot_interfaces__rosidl_typesupport_fastrtps_c
[3.206s] [ 70%] Built target my_robot_interfaces
[3.223s] [ 74%] [34m[1mGenerating Python code for ROS interfaces[0m
[3.529s] [ 74%] Built target my_robot_interfaces__py
[3.547s] [ 77%] [32mBuilding C object CMakeFiles/my_robot_interfaces__rosidl_generator_py.dir/rosidl_generator_py/my_robot_interfaces/srv/_next_goal_s.c.o[0m
[3.652s] [ 80%] [32m[1mLinking C shared library rosidl_generator_py/my_robot_interfaces/libmy_robot_interfaces__rosidl_generator_py.so[0m
[3.692s] [ 80%] Built target my_robot_interfaces__rosidl_generator_py
[3.710s] [ 90%] [32mBuilding C object CMakeFiles/my_robot_interfaces__rosidl_typesupport_introspection_c__pyext.dir/rosidl_generator_py/my_robot_interfaces/_my_robot_interfaces_s.ep.rosidl_typesupport_introspection_c.c.o[0m
[3.710s] [ 90%] [32mBuilding C object CMakeFiles/my_robot_interfaces__rosidl_typesupport_c__pyext.dir/rosidl_generator_py/my_robot_interfaces/_my_robot_interfaces_s.ep.rosidl_typesupport_c.c.o[0m
[3.710s] [ 90%] [32mBuilding C object CMakeFiles/my_robot_interfaces__rosidl_typesupport_fastrtps_c__pyext.dir/rosidl_generator_py/my_robot_interfaces/_my_robot_interfaces_s.ep.rosidl_typesupport_fastrtps_c.c.o[0m
[3.788s] [ 96%] [32m[1mLinking C shared library rosidl_generator_py/my_robot_interfaces/my_robot_interfaces_s__rosidl_typesupport_c.cpython-310-x86_64-linux-gnu.so[0m
[3.788s] [ 96%] [32m[1mLinking C shared library rosidl_generator_py/my_robot_interfaces/my_robot_interfaces_s__rosidl_typesupport_introspection_c.cpython-310-x86_64-linux-gnu.so[0m
[3.791s] [100%] [32m[1mLinking C shared library rosidl_generator_py/my_robot_interfaces/my_robot_interfaces_s__rosidl_typesupport_fastrtps_c.cpython-310-x86_64-linux-gnu.so[0m
[3.816s] [100%] Built target my_robot_interfaces__rosidl_typesupport_c__pyext
[3.816s] [100%] Built target my_robot_interfaces__rosidl_typesupport_introspection_c__pyext
[3.819s] [100%] Built target my_robot_interfaces__rosidl_typesupport_fastrtps_c__pyext
[3.829s] Invoked command in '/home/bhajneet/eyrc_hb/hb_task_2_ws/build/my_robot_interfaces' returned '0': CMAKE_PREFIX_PATH=${CMAKE_PREFIX_PATH}:/home/bhajneet/eyrc_hb/hb_task1b_ws/install/hb_task_1b:/home/bhajneet/eyrc_hb/hb_task1a_ws/install/hb_task_1a:/opt/ros/humble /usr/bin/cmake --build /home/bhajneet/eyrc_hb/hb_task_2_ws/build/my_robot_interfaces -- -j8 -l8
[3.878s] Invoking command in '/home/bhajneet/eyrc_hb/hb_task_2_ws/build/my_robot_interfaces': CMAKE_PREFIX_PATH=${CMAKE_PREFIX_PATH}:/home/bhajneet/eyrc_hb/hb_task1b_ws/install/hb_task_1b:/home/bhajneet/eyrc_hb/hb_task1a_ws/install/hb_task_1a:/opt/ros/humble /usr/bin/cmake --install /home/bhajneet/eyrc_hb/hb_task_2_ws/build/my_robot_interfaces
[3.885s] -- Install configuration: ""
[3.885s] -- Installing: /home/bhajneet/eyrc_hb/hb_task_2_ws/install/my_robot_interfaces/share/ament_index/resource_index/rosidl_interfaces/my_robot_interfaces
[3.885s] -- Installing: /home/bhajneet/eyrc_hb/hb_task_2_ws/install/my_robot_interfaces/include/my_robot_interfaces/my_robot_interfaces
[3.885s] -- Installing: /home/bhajneet/eyrc_hb/hb_task_2_ws/install/my_robot_interfaces/include/my_robot_interfaces/my_robot_interfaces/srv
[3.885s] -- Installing: /home/bhajneet/eyrc_hb/hb_task_2_ws/install/my_robot_interfaces/include/my_robot_interfaces/my_robot_interfaces/srv/next_goal.h
[3.885s] -- Installing: /home/bhajneet/eyrc_hb/hb_task_2_ws/install/my_robot_interfaces/include/my_robot_interfaces/my_robot_interfaces/srv/detail
[3.885s] -- Installing: /home/bhajneet/eyrc_hb/hb_task_2_ws/install/my_robot_interfaces/include/my_robot_interfaces/my_robot_interfaces/srv/detail/next_goal__functions.c
[3.885s] -- Installing: /home/bhajneet/eyrc_hb/hb_task_2_ws/install/my_robot_interfaces/include/my_robot_interfaces/my_robot_interfaces/srv/detail/next_goal__struct.h
[3.886s] -- Installing: /home/bhajneet/eyrc_hb/hb_task_2_ws/install/my_robot_interfaces/include/my_robot_interfaces/my_robot_interfaces/srv/detail/next_goal__type_support.h
[3.886s] -- Installing: /home/bhajneet/eyrc_hb/hb_task_2_ws/install/my_robot_interfaces/include/my_robot_interfaces/my_robot_interfaces/srv/detail/next_goal__functions.h
[3.886s] -- Installing: /home/bhajneet/eyrc_hb/hb_task_2_ws/install/my_robot_interfaces/include/my_robot_interfaces/my_robot_interfaces/msg
[3.886s] -- Installing: /home/bhajneet/eyrc_hb/hb_task_2_ws/install/my_robot_interfaces/include/my_robot_interfaces/my_robot_interfaces/msg/rosidl_generator_c__visibility_control.h
[3.886s] -- Installing: /home/bhajneet/eyrc_hb/hb_task_2_ws/install/my_robot_interfaces/share/my_robot_interfaces/environment/library_path.sh
[3.886s] -- Installing: /home/bhajneet/eyrc_hb/hb_task_2_ws/install/my_robot_interfaces/share/my_robot_interfaces/environment/library_path.dsv
[3.886s] -- Installing: /home/bhajneet/eyrc_hb/hb_task_2_ws/install/my_robot_interfaces/lib/libmy_robot_interfaces__rosidl_generator_c.so
[3.886s] -- Set runtime path of "/home/bhajneet/eyrc_hb/hb_task_2_ws/install/my_robot_interfaces/lib/libmy_robot_interfaces__rosidl_generator_c.so" to ""
[3.886s] -- Up-to-date: /home/bhajneet/eyrc_hb/hb_task_2_ws/install/my_robot_interfaces/include/my_robot_interfaces/my_robot_interfaces
[3.887s] -- Up-to-date: /home/bhajneet/eyrc_hb/hb_task_2_ws/install/my_robot_interfaces/include/my_robot_interfaces/my_robot_interfaces/srv
[3.887s] -- Up-to-date: /home/bhajneet/eyrc_hb/hb_task_2_ws/install/my_robot_interfaces/include/my_robot_interfaces/my_robot_interfaces/srv/detail
[3.887s] -- Installing: /home/bhajneet/eyrc_hb/hb_task_2_ws/install/my_robot_interfaces/include/my_robot_interfaces/my_robot_interfaces/srv/detail/next_goal__rosidl_typesupport_fastrtps_c.h
[3.887s] -- Up-to-date: /home/bhajneet/eyrc_hb/hb_task_2_ws/install/my_robot_interfaces/include/my_robot_interfaces/my_robot_interfaces/msg
[3.887s] -- Installing: /home/bhajneet/eyrc_hb/hb_task_2_ws/install/my_robot_interfaces/include/my_robot_interfaces/my_robot_interfaces/msg/rosidl_typesupport_fastrtps_c__visibility_control.h
[3.887s] -- Installing: /home/bhajneet/eyrc_hb/hb_task_2_ws/install/my_robot_interfaces/lib/libmy_robot_interfaces__rosidl_typesupport_fastrtps_c.so
[3.887s] -- Set runtime path of "/home/bhajneet/eyrc_hb/hb_task_2_ws/install/my_robot_interfaces/lib/libmy_robot_interfaces__rosidl_typesupport_fastrtps_c.so" to ""
[3.887s] -- Up-to-date: /home/bhajneet/eyrc_hb/hb_task_2_ws/install/my_robot_interfaces/include/my_robot_interfaces/my_robot_interfaces
[3.887s] -- Up-to-date: /home/bhajneet/eyrc_hb/hb_task_2_ws/install/my_robot_interfaces/include/my_robot_interfaces/my_robot_interfaces/srv
[3.887s] -- Up-to-date: /home/bhajneet/eyrc_hb/hb_task_2_ws/install/my_robot_interfaces/include/my_robot_interfaces/my_robot_interfaces/srv/detail
[3.887s] -- Installing: /home/bhajneet/eyrc_hb/hb_task_2_ws/install/my_robot_interfaces/include/my_robot_interfaces/my_robot_interfaces/srv/detail/next_goal__type_support.c
[3.888s] -- Installing: /home/bhajneet/eyrc_hb/hb_task_2_ws/install/my_robot_interfaces/include/my_robot_interfaces/my_robot_interfaces/srv/detail/next_goal__rosidl_typesupport_introspection_c.h
[3.888s] -- Up-to-date: /home/bhajneet/eyrc_hb/hb_task_2_ws/install/my_robot_interfaces/include/my_robot_interfaces/my_robot_interfaces/msg
[3.888s] -- Installing: /home/bhajneet/eyrc_hb/hb_task_2_ws/install/my_robot_interfaces/include/my_robot_interfaces/my_robot_interfaces/msg/rosidl_typesupport_introspection_c__visibility_control.h
[3.888s] -- Installing: /home/bhajneet/eyrc_hb/hb_task_2_ws/install/my_robot_interfaces/lib/libmy_robot_interfaces__rosidl_typesupport_introspection_c.so
[3.888s] -- Set runtime path of "/home/bhajneet/eyrc_hb/hb_task_2_ws/install/my_robot_interfaces/lib/libmy_robot_interfaces__rosidl_typesupport_introspection_c.so" to ""
[3.888s] -- Installing: /home/bhajneet/eyrc_hb/hb_task_2_ws/install/my_robot_interfaces/lib/libmy_robot_interfaces__rosidl_typesupport_c.so
[3.888s] -- Set runtime path of "/home/bhajneet/eyrc_hb/hb_task_2_ws/install/my_robot_interfaces/lib/libmy_robot_interfaces__rosidl_typesupport_c.so" to ""
[3.888s] -- Up-to-date: /home/bhajneet/eyrc_hb/hb_task_2_ws/install/my_robot_interfaces/include/my_robot_interfaces/my_robot_interfaces
[3.888s] -- Up-to-date: /home/bhajneet/eyrc_hb/hb_task_2_ws/install/my_robot_interfaces/include/my_robot_interfaces/my_robot_interfaces/srv
[3.888s] -- Installing: /home/bhajneet/eyrc_hb/hb_task_2_ws/install/my_robot_interfaces/include/my_robot_interfaces/my_robot_interfaces/srv/next_goal.hpp
[3.889s] -- Up-to-date: /home/bhajneet/eyrc_hb/hb_task_2_ws/install/my_robot_interfaces/include/my_robot_interfaces/my_robot_interfaces/srv/detail
[3.889s] -- Installing: /home/bhajneet/eyrc_hb/hb_task_2_ws/install/my_robot_interfaces/include/my_robot_interfaces/my_robot_interfaces/srv/detail/next_goal__struct.hpp
[3.889s] -- Installing: /home/bhajneet/eyrc_hb/hb_task_2_ws/install/my_robot_interfaces/include/my_robot_interfaces/my_robot_interfaces/srv/detail/next_goal__traits.hpp
[3.889s] -- Installing: /home/bhajneet/eyrc_hb/hb_task_2_ws/install/my_robot_interfaces/include/my_robot_interfaces/my_robot_interfaces/srv/detail/next_goal__builder.hpp
[3.889s] -- Up-to-date: /home/bhajneet/eyrc_hb/hb_task_2_ws/install/my_robot_interfaces/include/my_robot_interfaces/my_robot_interfaces
[3.889s] -- Up-to-date: /home/bhajneet/eyrc_hb/hb_task_2_ws/install/my_robot_interfaces/include/my_robot_interfaces/my_robot_interfaces/srv
[3.889s] -- Up-to-date: /home/bhajneet/eyrc_hb/hb_task_2_ws/install/my_robot_interfaces/include/my_robot_interfaces/my_robot_interfaces/srv/detail
[3.889s] -- Installing: /home/bhajneet/eyrc_hb/hb_task_2_ws/install/my_robot_interfaces/include/my_robot_interfaces/my_robot_interfaces/srv/detail/next_goal__rosidl_typesupport_fastrtps_cpp.hpp
[3.889s] -- Installing: /home/bhajneet/eyrc_hb/hb_task_2_ws/install/my_robot_interfaces/include/my_robot_interfaces/my_robot_interfaces/srv/detail/dds_fastrtps
[3.889s] -- Up-to-date: /home/bhajneet/eyrc_hb/hb_task_2_ws/install/my_robot_interfaces/include/my_robot_interfaces/my_robot_interfaces/msg
[3.889s] -- Installing: /home/bhajneet/eyrc_hb/hb_task_2_ws/install/my_robot_interfaces/include/my_robot_interfaces/my_robot_interfaces/msg/rosidl_typesupport_fastrtps_cpp__visibility_control.h
[3.889s] -- Installing: /home/bhajneet/eyrc_hb/hb_task_2_ws/install/my_robot_interfaces/lib/libmy_robot_interfaces__rosidl_typesupport_fastrtps_cpp.so
[3.889s] -- Set runtime path of "/home/bhajneet/eyrc_hb/hb_task_2_ws/install/my_robot_interfaces/lib/libmy_robot_interfaces__rosidl_typesupport_fastrtps_cpp.so" to ""
[3.889s] -- Up-to-date: /home/bhajneet/eyrc_hb/hb_task_2_ws/install/my_robot_interfaces/include/my_robot_interfaces/my_robot_interfaces
[3.889s] -- Up-to-date: /home/bhajneet/eyrc_hb/hb_task_2_ws/install/my_robot_interfaces/include/my_robot_interfaces/my_robot_interfaces/srv
[3.890s] -- Up-to-date: /home/bhajneet/eyrc_hb/hb_task_2_ws/install/my_robot_interfaces/include/my_robot_interfaces/my_robot_interfaces/srv/detail
[3.890s] -- Installing: /home/bhajneet/eyrc_hb/hb_task_2_ws/install/my_robot_interfaces/include/my_robot_interfaces/my_robot_interfaces/srv/detail/next_goal__rosidl_typesupport_introspection_cpp.hpp
[3.890s] -- Installing: /home/bhajneet/eyrc_hb/hb_task_2_ws/install/my_robot_interfaces/include/my_robot_interfaces/my_robot_interfaces/srv/detail/next_goal__type_support.cpp
[3.890s] -- Installing: /home/bhajneet/eyrc_hb/hb_task_2_ws/install/my_robot_interfaces/lib/libmy_robot_interfaces__rosidl_typesupport_introspection_cpp.so
[3.890s] -- Set runtime path of "/home/bhajneet/eyrc_hb/hb_task_2_ws/install/my_robot_interfaces/lib/libmy_robot_interfaces__rosidl_typesupport_introspection_cpp.so" to ""
[3.890s] -- Installing: /home/bhajneet/eyrc_hb/hb_task_2_ws/install/my_robot_interfaces/lib/libmy_robot_interfaces__rosidl_typesupport_cpp.so
[3.890s] -- Set runtime path of "/home/bhajneet/eyrc_hb/hb_task_2_ws/install/my_robot_interfaces/lib/libmy_robot_interfaces__rosidl_typesupport_cpp.so" to ""
[3.890s] -- Installing: /home/bhajneet/eyrc_hb/hb_task_2_ws/install/my_robot_interfaces/share/my_robot_interfaces/environment/pythonpath.sh
[3.890s] -- Installing: /home/bhajneet/eyrc_hb/hb_task_2_ws/install/my_robot_interfaces/share/my_robot_interfaces/environment/pythonpath.dsv
[3.890s] -- Installing: /home/bhajneet/eyrc_hb/hb_task_2_ws/install/my_robot_interfaces/local/lib/python3.10/dist-packages/my_robot_interfaces-0.0.0-py3.10.egg-info
[3.891s] -- Installing: /home/bhajneet/eyrc_hb/hb_task_2_ws/install/my_robot_interfaces/local/lib/python3.10/dist-packages/my_robot_interfaces-0.0.0-py3.10.egg-info/top_level.txt
[3.891s] -- Installing: /home/bhajneet/eyrc_hb/hb_task_2_ws/install/my_robot_interfaces/local/lib/python3.10/dist-packages/my_robot_interfaces-0.0.0-py3.10.egg-info/PKG-INFO
[3.891s] -- Installing: /home/bhajneet/eyrc_hb/hb_task_2_ws/install/my_robot_interfaces/local/lib/python3.10/dist-packages/my_robot_interfaces-0.0.0-py3.10.egg-info/dependency_links.txt
[3.891s] -- Installing: /home/bhajneet/eyrc_hb/hb_task_2_ws/install/my_robot_interfaces/local/lib/python3.10/dist-packages/my_robot_interfaces-0.0.0-py3.10.egg-info/SOURCES.txt
[3.891s] -- Installing: /home/bhajneet/eyrc_hb/hb_task_2_ws/install/my_robot_interfaces/local/lib/python3.10/dist-packages/my_robot_interfaces
[3.891s] -- Installing: /home/bhajneet/eyrc_hb/hb_task_2_ws/install/my_robot_interfaces/local/lib/python3.10/dist-packages/my_robot_interfaces/__init__.py
[3.891s] -- Installing: /home/bhajneet/eyrc_hb/hb_task_2_ws/install/my_robot_interfaces/local/lib/python3.10/dist-packages/my_robot_interfaces/_my_robot_interfaces_s.ep.rosidl_typesupport_fastrtps_c.c
[3.891s] -- Installing: /home/bhajneet/eyrc_hb/hb_task_2_ws/install/my_robot_interfaces/local/lib/python3.10/dist-packages/my_robot_interfaces/srv
[3.891s] -- Installing: /home/bhajneet/eyrc_hb/hb_task_2_ws/install/my_robot_interfaces/local/lib/python3.10/dist-packages/my_robot_interfaces/srv/__init__.py
[3.891s] -- Installing: /home/bhajneet/eyrc_hb/hb_task_2_ws/install/my_robot_interfaces/local/lib/python3.10/dist-packages/my_robot_interfaces/srv/_next_goal_s.c
[3.891s] -- Installing: /home/bhajneet/eyrc_hb/hb_task_2_ws/install/my_robot_interfaces/local/lib/python3.10/dist-packages/my_robot_interfaces/srv/_next_goal.py
[3.891s] -- Installing: /home/bhajneet/eyrc_hb/hb_task_2_ws/install/my_robot_interfaces/local/lib/python3.10/dist-packages/my_robot_interfaces/_my_robot_interfaces_s.ep.rosidl_typesupport_introspection_c.c
[3.892s] -- Installing: /home/bhajneet/eyrc_hb/hb_task_2_ws/install/my_robot_interfaces/local/lib/python3.10/dist-packages/my_robot_interfaces/my_robot_interfaces_s__rosidl_typesupport_c.cpython-310-x86_64-linux-gnu.so
[3.892s] -- Installing: /home/bhajneet/eyrc_hb/hb_task_2_ws/install/my_robot_interfaces/local/lib/python3.10/dist-packages/my_robot_interfaces/my_robot_interfaces_s__rosidl_typesupport_fastrtps_c.cpython-310-x86_64-linux-gnu.so
[3.892s] -- Installing: /home/bhajneet/eyrc_hb/hb_task_2_ws/install/my_robot_interfaces/local/lib/python3.10/dist-packages/my_robot_interfaces/_my_robot_interfaces_s.ep.rosidl_typesupport_c.c
[3.892s] -- Installing: /home/bhajneet/eyrc_hb/hb_task_2_ws/install/my_robot_interfaces/local/lib/python3.10/dist-packages/my_robot_interfaces/libmy_robot_interfaces__rosidl_generator_py.so
[3.892s] -- Installing: /home/bhajneet/eyrc_hb/hb_task_2_ws/install/my_robot_interfaces/local/lib/python3.10/dist-packages/my_robot_interfaces/my_robot_interfaces_s__rosidl_typesupport_introspection_c.cpython-310-x86_64-linux-gnu.so
[3.924s] Listing '/home/bhajneet/eyrc_hb/hb_task_2_ws/install/my_robot_interfaces/local/lib/python3.10/dist-packages/my_robot_interfaces'...
[3.924s] Compiling '/home/bhajneet/eyrc_hb/hb_task_2_ws/install/my_robot_interfaces/local/lib/python3.10/dist-packages/my_robot_interfaces/__init__.py'...
[3.924s] Listing '/home/bhajneet/eyrc_hb/hb_task_2_ws/install/my_robot_interfaces/local/lib/python3.10/dist-packages/my_robot_interfaces/srv'...
[3.924s] Compiling '/home/bhajneet/eyrc_hb/hb_task_2_ws/install/my_robot_interfaces/local/lib/python3.10/dist-packages/my_robot_interfaces/srv/__init__.py'...
[3.924s] Compiling '/home/bhajneet/eyrc_hb/hb_task_2_ws/install/my_robot_interfaces/local/lib/python3.10/dist-packages/my_robot_interfaces/srv/_next_goal.py'...
[3.929s] -- Installing: /home/bhajneet/eyrc_hb/hb_task_2_ws/install/my_robot_interfaces/local/lib/python3.10/dist-packages/my_robot_interfaces/my_robot_interfaces_s__rosidl_typesupport_fastrtps_c.cpython-310-x86_64-linux-gnu.so
[3.929s] -- Set runtime path of "/home/bhajneet/eyrc_hb/hb_task_2_ws/install/my_robot_interfaces/local/lib/python3.10/dist-packages/my_robot_interfaces/my_robot_interfaces_s__rosidl_typesupport_fastrtps_c.cpython-310-x86_64-linux-gnu.so" to ""
[3.929s] -- Installing: /home/bhajneet/eyrc_hb/hb_task_2_ws/install/my_robot_interfaces/local/lib/python3.10/dist-packages/my_robot_interfaces/my_robot_interfaces_s__rosidl_typesupport_introspection_c.cpython-310-x86_64-linux-gnu.so
[3.929s] -- Set runtime path of "/home/bhajneet/eyrc_hb/hb_task_2_ws/install/my_robot_interfaces/local/lib/python3.10/dist-packages/my_robot_interfaces/my_robot_interfaces_s__rosidl_typesupport_introspection_c.cpython-310-x86_64-linux-gnu.so" to ""
[3.929s] -- Installing: /home/bhajneet/eyrc_hb/hb_task_2_ws/install/my_robot_interfaces/local/lib/python3.10/dist-packages/my_robot_interfaces/my_robot_interfaces_s__rosidl_typesupport_c.cpython-310-x86_64-linux-gnu.so
[3.929s] -- Set runtime path of "/home/bhajneet/eyrc_hb/hb_task_2_ws/install/my_robot_interfaces/local/lib/python3.10/dist-packages/my_robot_interfaces/my_robot_interfaces_s__rosidl_typesupport_c.cpython-310-x86_64-linux-gnu.so" to ""
[3.930s] -- Installing: /home/bhajneet/eyrc_hb/hb_task_2_ws/install/my_robot_interfaces/lib/libmy_robot_interfaces__rosidl_generator_py.so
[3.930s] -- Set runtime path of "/home/bhajneet/eyrc_hb/hb_task_2_ws/install/my_robot_interfaces/lib/libmy_robot_interfaces__rosidl_generator_py.so" to ""
[3.930s] -- Installing: /home/bhajneet/eyrc_hb/hb_task_2_ws/install/my_robot_interfaces/share/my_robot_interfaces/srv/NextGoal.idl
[3.930s] -- Installing: /home/bhajneet/eyrc_hb/hb_task_2_ws/install/my_robot_interfaces/share/my_robot_interfaces/srv/NextGoal.srv
[3.930s] -- Installing: /home/bhajneet/eyrc_hb/hb_task_2_ws/install/my_robot_interfaces/share/my_robot_interfaces/srv/NextGoal_Request.msg
[3.930s] -- Installing: /home/bhajneet/eyrc_hb/hb_task_2_ws/install/my_robot_interfaces/share/my_robot_interfaces/srv/NextGoal_Response.msg
[3.930s] -- Installing: /home/bhajneet/eyrc_hb/hb_task_2_ws/install/my_robot_interfaces/share/ament_index/resource_index/package_run_dependencies/my_robot_interfaces
[3.930s] -- Installing: /home/bhajneet/eyrc_hb/hb_task_2_ws/install/my_robot_interfaces/share/ament_index/resource_index/parent_prefix_path/my_robot_interfaces
[3.930s] -- Installing: /home/bhajneet/eyrc_hb/hb_task_2_ws/install/my_robot_interfaces/share/my_robot_interfaces/environment/ament_prefix_path.sh
[3.931s] -- Installing: /home/bhajneet/eyrc_hb/hb_task_2_ws/install/my_robot_interfaces/share/my_robot_interfaces/environment/ament_prefix_path.dsv
[3.931s] -- Installing: /home/bhajneet/eyrc_hb/hb_task_2_ws/install/my_robot_interfaces/share/my_robot_interfaces/environment/path.sh
[3.931s] -- Installing: /home/bhajneet/eyrc_hb/hb_task_2_ws/install/my_robot_interfaces/share/my_robot_interfaces/environment/path.dsv
[3.931s] -- Installing: /home/bhajneet/eyrc_hb/hb_task_2_ws/install/my_robot_interfaces/share/my_robot_interfaces/local_setup.bash
[3.931s] -- Installing: /home/bhajneet/eyrc_hb/hb_task_2_ws/install/my_robot_interfaces/share/my_robot_interfaces/local_setup.sh
[3.931s] -- Installing: /home/bhajneet/eyrc_hb/hb_task_2_ws/install/my_robot_interfaces/share/my_robot_interfaces/local_setup.zsh
[3.931s] -- Installing: /home/bhajneet/eyrc_hb/hb_task_2_ws/install/my_robot_interfaces/share/my_robot_interfaces/local_setup.dsv
[3.931s] -- Installing: /home/bhajneet/eyrc_hb/hb_task_2_ws/install/my_robot_interfaces/share/my_robot_interfaces/package.dsv
[3.931s] -- Installing: /home/bhajneet/eyrc_hb/hb_task_2_ws/install/my_robot_interfaces/share/ament_index/resource_index/packages/my_robot_interfaces
[3.931s] -- Installing: /home/bhajneet/eyrc_hb/hb_task_2_ws/install/my_robot_interfaces/share/my_robot_interfaces/cmake/export_my_robot_interfaces__rosidl_generator_cExport.cmake
[3.932s] -- Installing: /home/bhajneet/eyrc_hb/hb_task_2_ws/install/my_robot_interfaces/share/my_robot_interfaces/cmake/export_my_robot_interfaces__rosidl_generator_cExport-noconfig.cmake
[3.932s] -- Installing: /home/bhajneet/eyrc_hb/hb_task_2_ws/install/my_robot_interfaces/share/my_robot_interfaces/cmake/export_my_robot_interfaces__rosidl_typesupport_fastrtps_cExport.cmake
[3.932s] -- Installing: /home/bhajneet/eyrc_hb/hb_task_2_ws/install/my_robot_interfaces/share/my_robot_interfaces/cmake/export_my_robot_interfaces__rosidl_typesupport_fastrtps_cExport-noconfig.cmake
[3.932s] -- Installing: /home/bhajneet/eyrc_hb/hb_task_2_ws/install/my_robot_interfaces/share/my_robot_interfaces/cmake/my_robot_interfaces__rosidl_typesupport_introspection_cExport.cmake
[3.932s] -- Installing: /home/bhajneet/eyrc_hb/hb_task_2_ws/install/my_robot_interfaces/share/my_robot_interfaces/cmake/my_robot_interfaces__rosidl_typesupport_introspection_cExport-noconfig.cmake
[3.932s] -- Installing: /home/bhajneet/eyrc_hb/hb_task_2_ws/install/my_robot_interfaces/share/my_robot_interfaces/cmake/my_robot_interfaces__rosidl_typesupport_cExport.cmake
[3.932s] -- Installing: /home/bhajneet/eyrc_hb/hb_task_2_ws/install/my_robot_interfaces/share/my_robot_interfaces/cmake/my_robot_interfaces__rosidl_typesupport_cExport-noconfig.cmake
[3.932s] -- Installing: /home/bhajneet/eyrc_hb/hb_task_2_ws/install/my_robot_interfaces/share/my_robot_interfaces/cmake/export_my_robot_interfaces__rosidl_generator_cppExport.cmake
[3.932s] -- Installing: /home/bhajneet/eyrc_hb/hb_task_2_ws/install/my_robot_interfaces/share/my_robot_interfaces/cmake/export_my_robot_interfaces__rosidl_typesupport_fastrtps_cppExport.cmake
[3.933s] -- Installing: /home/bhajneet/eyrc_hb/hb_task_2_ws/install/my_robot_interfaces/share/my_robot_interfaces/cmake/export_my_robot_interfaces__rosidl_typesupport_fastrtps_cppExport-noconfig.cmake
[3.933s] -- Installing: /home/bhajneet/eyrc_hb/hb_task_2_ws/install/my_robot_interfaces/share/my_robot_interfaces/cmake/my_robot_interfaces__rosidl_typesupport_introspection_cppExport.cmake
[3.933s] -- Installing: /home/bhajneet/eyrc_hb/hb_task_2_ws/install/my_robot_interfaces/share/my_robot_interfaces/cmake/my_robot_interfaces__rosidl_typesupport_introspection_cppExport-noconfig.cmake
[3.933s] -- Installing: /home/bhajneet/eyrc_hb/hb_task_2_ws/install/my_robot_interfaces/share/my_robot_interfaces/cmake/my_robot_interfaces__rosidl_typesupport_cppExport.cmake
[3.933s] -- Installing: /home/bhajneet/eyrc_hb/hb_task_2_ws/install/my_robot_interfaces/share/my_robot_interfaces/cmake/my_robot_interfaces__rosidl_typesupport_cppExport-noconfig.cmake
[3.933s] -- Installing: /home/bhajneet/eyrc_hb/hb_task_2_ws/install/my_robot_interfaces/share/my_robot_interfaces/cmake/export_my_robot_interfaces__rosidl_generator_pyExport.cmake
[3.933s] -- Installing: /home/bhajneet/eyrc_hb/hb_task_2_ws/install/my_robot_interfaces/share/my_robot_interfaces/cmake/export_my_robot_interfaces__rosidl_generator_pyExport-noconfig.cmake
[3.933s] -- Installing: /home/bhajneet/eyrc_hb/hb_task_2_ws/install/my_robot_interfaces/share/my_robot_interfaces/cmake/rosidl_cmake-extras.cmake
[3.933s] -- Installing: /home/bhajneet/eyrc_hb/hb_task_2_ws/install/my_robot_interfaces/share/my_robot_interfaces/cmake/ament_cmake_export_include_directories-extras.cmake
[3.933s] -- Installing: /home/bhajneet/eyrc_hb/hb_task_2_ws/install/my_robot_interfaces/share/my_robot_interfaces/cmake/ament_cmake_export_libraries-extras.cmake
[3.933s] -- Installing: /home/bhajneet/eyrc_hb/hb_task_2_ws/install/my_robot_interfaces/share/my_robot_interfaces/cmake/ament_cmake_export_targets-extras.cmake
[3.934s] -- Installing: /home/bhajneet/eyrc_hb/hb_task_2_ws/install/my_robot_interfaces/share/my_robot_interfaces/cmake/rosidl_cmake_export_typesupport_targets-extras.cmake
[3.934s] -- Installing: /home/bhajneet/eyrc_hb/hb_task_2_ws/install/my_robot_interfaces/share/my_robot_interfaces/cmake/ament_cmake_export_dependencies-extras.cmake
[3.934s] -- Installing: /home/bhajneet/eyrc_hb/hb_task_2_ws/install/my_robot_interfaces/share/my_robot_interfaces/cmake/rosidl_cmake_export_typesupport_libraries-extras.cmake
[3.934s] -- Installing: /home/bhajneet/eyrc_hb/hb_task_2_ws/install/my_robot_interfaces/share/my_robot_interfaces/cmake/my_robot_interfacesConfig.cmake
[3.934s] -- Installing: /home/bhajneet/eyrc_hb/hb_task_2_ws/install/my_robot_interfaces/share/my_robot_interfaces/cmake/my_robot_interfacesConfig-version.cmake
[3.934s] -- Installing: /home/bhajneet/eyrc_hb/hb_task_2_ws/install/my_robot_interfaces/share/my_robot_interfaces/package.xml
[3.936s] Invoked command in '/home/bhajneet/eyrc_hb/hb_task_2_ws/build/my_robot_interfaces' returned '0': CMAKE_PREFIX_PATH=${CMAKE_PREFIX_PATH}:/home/bhajneet/eyrc_hb/hb_task1b_ws/install/hb_task_1b:/home/bhajneet/eyrc_hb/hb_task1a_ws/install/hb_task_1a:/opt/ros/humble /usr/bin/cmake --install /home/bhajneet/eyrc_hb/hb_task_2_ws/build/my_robot_interfaces
