[0.275s] Invoking command in '/home/bhajneet/eyrc_hb/hb_task_2_ws/build/hb_bot': CMAKE_PREFIX_PATH=${CMAKE_PREFIX_PATH}:/home/bhajneet/eyrc_hb/hb_task1b_ws/install/hb_task_1b:/home/bhajneet/eyrc_hb/hb_task1a_ws/install/hb_task_1a:/opt/ros/humble /usr/bin/cmake /home/bhajneet/eyrc_hb/hb_task_2_ws/src/eYRC-2023_Hologlyph_Bots/hb_bot -DCMAKE_INSTALL_PREFIX=/home/bhajneet/eyrc_hb/hb_task_2_ws/install/hb_bot
[0.593s] -- The C compiler identification is GNU 11.4.0
[0.594s] -- The CXX compiler identification is GNU 11.4.0
[0.594s] -- Detecting C compiler ABI info
[0.594s] -- Detecting C compiler ABI info - done
[0.595s] -- Check for working C compiler: /usr/bin/cc - skipped
[0.595s] -- Detecting C compile features
[0.595s] -- Detecting C compile features - done
[0.595s] -- Detecting CXX compiler ABI info
[0.595s] -- Detecting CXX compiler ABI info - done
[0.604s] -- Check for working CXX compiler: /usr/bin/c++ - skipped
[0.604s] -- Detecting CXX compile features
[0.605s] -- Detecting CXX compile features - done
[0.608s] -- Found ament_cmake: 1.3.5 (/opt/ros/humble/share/ament_cmake/cmake)
[0.800s] -- Found Python3: /usr/bin/python3.10 (found version "3.10.12") found components: Interpreter 
[0.928s] -- Found rclcpp: 16.0.6 (/opt/ros/humble/share/rclcpp/cmake)
[0.989s] -- Found rosidl_generator_c: 3.1.5 (/opt/ros/humble/share/rosidl_generator_c/cmake)
[0.995s] -- Found rosidl_adapter: 3.1.5 (/opt/ros/humble/share/rosidl_adapter/cmake)
[1.008s] -- Found rosidl_generator_cpp: 3.1.5 (/opt/ros/humble/share/rosidl_generator_cpp/cmake)
[1.031s] -- Using all available rosidl_typesupport_c: rosidl_typesupport_fastrtps_c;rosidl_typesupport_introspection_c
[1.055s] -- Using all available rosidl_typesupport_cpp: rosidl_typesupport_fastrtps_cpp;rosidl_typesupport_introspection_cpp
[1.143s] -- Found rmw_implementation_cmake: 6.1.1 (/opt/ros/humble/share/rmw_implementation_cmake/cmake)
[1.146s] -- Found rmw_fastrtps_cpp: 6.2.4 (/opt/ros/humble/share/rmw_fastrtps_cpp/cmake)
[1.246s] -- Found OpenSSL: /usr/lib/x86_64-linux-gnu/libcrypto.so (found version "3.0.2")  
[1.271s] -- Found FastRTPS: /opt/ros/humble/include  
[1.317s] -- Using RMW implementation 'rmw_fastrtps_cpp' as default
[1.332s] -- Looking for pthread.h
[1.403s] -- Looking for pthread.h - found
[1.403s] -- Performing Test CMAKE_HAVE_LIBC_PTHREAD
[1.471s] -- Performing Test CMAKE_HAVE_LIBC_PTHREAD - Success
[1.472s] -- Found Threads: TRUE  
[1.644s] -- Found rclpy: 3.3.10 (/opt/ros/humble/share/rclpy/cmake)
[1.646s] -- Found urdf: 2.6.0 (/opt/ros/humble/share/urdf/cmake)
[1.686s] -- Found xacro: 2.0.8 (/opt/ros/humble/share/xacro/cmake)
[1.688s] -- Found ament_lint_auto: 0.12.8 (/opt/ros/humble/share/ament_lint_auto/cmake)
[1.776s] -- Added test 'flake8' to check Python code syntax and style conventions
[1.777s] -- Added test 'lint_cmake' to check CMake code style
[1.778s] -- Added test 'pep257' to check Python code against some of the docstring style conventions in PEP 257
[1.780s] -- Added test 'xmllint' to check XML markup files
[1.782s] -- Configuring done
[1.788s] -- Generating done
[1.790s] -- Build files have been written to: /home/bhajneet/eyrc_hb/hb_task_2_ws/build/hb_bot
[1.799s] Invoked command in '/home/bhajneet/eyrc_hb/hb_task_2_ws/build/hb_bot' returned '0': CMAKE_PREFIX_PATH=${CMAKE_PREFIX_PATH}:/home/bhajneet/eyrc_hb/hb_task1b_ws/install/hb_task_1b:/home/bhajneet/eyrc_hb/hb_task1a_ws/install/hb_task_1a:/opt/ros/humble /usr/bin/cmake /home/bhajneet/eyrc_hb/hb_task_2_ws/src/eYRC-2023_Hologlyph_Bots/hb_bot -DCMAKE_INSTALL_PREFIX=/home/bhajneet/eyrc_hb/hb_task_2_ws/install/hb_bot
[1.801s] Invoking command in '/home/bhajneet/eyrc_hb/hb_task_2_ws/build/hb_bot': CMAKE_PREFIX_PATH=${CMAKE_PREFIX_PATH}:/home/bhajneet/eyrc_hb/hb_task1b_ws/install/hb_task_1b:/home/bhajneet/eyrc_hb/hb_task1a_ws/install/hb_task_1a:/opt/ros/humble /usr/bin/cmake --build /home/bhajneet/eyrc_hb/hb_task_2_ws/build/hb_bot -- -j8 -l8
[1.838s] Invoked command in '/home/bhajneet/eyrc_hb/hb_task_2_ws/build/hb_bot' returned '0': CMAKE_PREFIX_PATH=${CMAKE_PREFIX_PATH}:/home/bhajneet/eyrc_hb/hb_task1b_ws/install/hb_task_1b:/home/bhajneet/eyrc_hb/hb_task1a_ws/install/hb_task_1a:/opt/ros/humble /usr/bin/cmake --build /home/bhajneet/eyrc_hb/hb_task_2_ws/build/hb_bot -- -j8 -l8
[1.866s] Invoking command in '/home/bhajneet/eyrc_hb/hb_task_2_ws/build/hb_bot': CMAKE_PREFIX_PATH=${CMAKE_PREFIX_PATH}:/home/bhajneet/eyrc_hb/hb_task1b_ws/install/hb_task_1b:/home/bhajneet/eyrc_hb/hb_task1a_ws/install/hb_task_1a:/opt/ros/humble /usr/bin/cmake --install /home/bhajneet/eyrc_hb/hb_task_2_ws/build/hb_bot
[1.873s] -- Install configuration: ""
[1.873s] -- Installing: /home/bhajneet/eyrc_hb/hb_task_2_ws/install/hb_bot/share/hb_bot//launch
[1.873s] -- Installing: /home/bhajneet/eyrc_hb/hb_task_2_ws/install/hb_bot/share/hb_bot//launch/Spawn_bot.launch.py
[1.873s] -- Installing: /home/bhajneet/eyrc_hb/hb_task_2_ws/install/hb_bot/share/hb_bot//launch/multi_bot_spawn.launch.py
[1.873s] -- Installing: /home/bhajneet/eyrc_hb/hb_task_2_ws/install/hb_bot/share/hb_bot//meshes
[1.874s] -- Installing: /home/bhajneet/eyrc_hb/hb_task_2_ws/install/hb_bot/share/hb_bot//meshes/bot_3.jpg.001.jpg
[1.874s] -- Installing: /home/bhajneet/eyrc_hb/hb_task_2_ws/install/hb_bot/share/hb_bot//meshes/bot_2.dae
[1.877s] -- Installing: /home/bhajneet/eyrc_hb/hb_task_2_ws/install/hb_bot/share/hb_bot//meshes/bot_2.jpg
[1.877s] -- Installing: /home/bhajneet/eyrc_hb/hb_task_2_ws/install/hb_bot/share/hb_bot//meshes/wheel.stl
[1.885s] -- Installing: /home/bhajneet/eyrc_hb/hb_task_2_ws/install/hb_bot/share/hb_bot//meshes/bot_1.jpg
[1.885s] -- Installing: /home/bhajneet/eyrc_hb/hb_task_2_ws/install/hb_bot/share/hb_bot//meshes/bot_3.jpg
[1.885s] -- Installing: /home/bhajneet/eyrc_hb/hb_task_2_ws/install/hb_bot/share/hb_bot//meshes/bot_2.jpg.001.jpg
[1.886s] -- Installing: /home/bhajneet/eyrc_hb/hb_task_2_ws/install/hb_bot/share/hb_bot//meshes/bot_3.dae
[1.889s] -- Installing: /home/bhajneet/eyrc_hb/hb_task_2_ws/install/hb_bot/share/hb_bot//meshes/bot_1.jpg.001.jpg
[1.889s] -- Installing: /home/bhajneet/eyrc_hb/hb_task_2_ws/install/hb_bot/share/hb_bot//meshes/bot_1.dae
[1.892s] -- Installing: /home/bhajneet/eyrc_hb/hb_task_2_ws/install/hb_bot/share/hb_bot//urdf
[1.893s] -- Installing: /home/bhajneet/eyrc_hb/hb_task_2_ws/install/hb_bot/share/hb_bot//urdf/hb_bot_3.urdf.xacro
[1.893s] -- Installing: /home/bhajneet/eyrc_hb/hb_task_2_ws/install/hb_bot/share/hb_bot//urdf/materials.xacro
[1.893s] -- Installing: /home/bhajneet/eyrc_hb/hb_task_2_ws/install/hb_bot/share/hb_bot//urdf/hb_bot_2.urdf.xacro
[1.893s] -- Installing: /home/bhajneet/eyrc_hb/hb_task_2_ws/install/hb_bot/share/hb_bot//urdf/hb_bot_1.urdf.xacro
[1.894s] -- Installing: /home/bhajneet/eyrc_hb/hb_task_2_ws/install/hb_bot/share/ament_index/resource_index/package_run_dependencies/hb_bot
[1.894s] -- Installing: /home/bhajneet/eyrc_hb/hb_task_2_ws/install/hb_bot/share/ament_index/resource_index/parent_prefix_path/hb_bot
[1.894s] -- Installing: /home/bhajneet/eyrc_hb/hb_task_2_ws/install/hb_bot/share/hb_bot/environment/ament_prefix_path.sh
[1.894s] -- Installing: /home/bhajneet/eyrc_hb/hb_task_2_ws/install/hb_bot/share/hb_bot/environment/ament_prefix_path.dsv
[1.894s] -- Installing: /home/bhajneet/eyrc_hb/hb_task_2_ws/install/hb_bot/share/hb_bot/environment/path.sh
[1.895s] -- Installing: /home/bhajneet/eyrc_hb/hb_task_2_ws/install/hb_bot/share/hb_bot/environment/path.dsv
[1.895s] -- Installing: /home/bhajneet/eyrc_hb/hb_task_2_ws/install/hb_bot/share/hb_bot/local_setup.bash
[1.895s] -- Installing: /home/bhajneet/eyrc_hb/hb_task_2_ws/install/hb_bot/share/hb_bot/local_setup.sh
[1.895s] -- Installing: /home/bhajneet/eyrc_hb/hb_task_2_ws/install/hb_bot/share/hb_bot/local_setup.zsh
[1.895s] -- Installing: /home/bhajneet/eyrc_hb/hb_task_2_ws/install/hb_bot/share/hb_bot/local_setup.dsv
[1.895s] -- Installing: /home/bhajneet/eyrc_hb/hb_task_2_ws/install/hb_bot/share/hb_bot/package.dsv
[1.895s] -- Installing: /home/bhajneet/eyrc_hb/hb_task_2_ws/install/hb_bot/share/ament_index/resource_index/packages/hb_bot
[1.896s] -- Installing: /home/bhajneet/eyrc_hb/hb_task_2_ws/install/hb_bot/share/hb_bot/cmake/hb_botConfig.cmake
[1.896s] -- Installing: /home/bhajneet/eyrc_hb/hb_task_2_ws/install/hb_bot/share/hb_bot/cmake/hb_botConfig-version.cmake
[1.896s] -- Installing: /home/bhajneet/eyrc_hb/hb_task_2_ws/install/hb_bot/share/hb_bot/package.xml
[1.899s] Invoked command in '/home/bhajneet/eyrc_hb/hb_task_2_ws/build/hb_bot' returned '0': CMAKE_PREFIX_PATH=${CMAKE_PREFIX_PATH}:/home/bhajneet/eyrc_hb/hb_task1b_ws/install/hb_task_1b:/home/bhajneet/eyrc_hb/hb_task1a_ws/install/hb_task_1a:/opt/ros/humble /usr/bin/cmake --install /home/bhajneet/eyrc_hb/hb_task_2_ws/build/hb_bot
