[1.244s] Invoking command in '/home/bhajneet/eyrc_hb/hb_task1b_ws/src/hb_task_1b': PYTHONPATH=/home/bhajneet/eyrc_hb/hb_task1b_ws/build/hb_task_1b/prefix_override:/home/bhajneet/eyrc_hb/hb_task1b_ws/install/hb_task_1b/lib/python3.10/site-packages:${PYTHONPATH} /usr/bin/python3 setup.py egg_info --egg-base ../../build/hb_task_1b build --build-base /home/bhajneet/eyrc_hb/hb_task1b_ws/build/hb_task_1b/build install --record /home/bhajneet/eyrc_hb/hb_task1b_ws/build/hb_task_1b/install.log --single-version-externally-managed
[1.610s] running egg_info
[1.630s] writing ../../build/hb_task_1b/hb_task_1b.egg-info/PKG-INFO
[1.631s] writing dependency_links to ../../build/hb_task_1b/hb_task_1b.egg-info/dependency_links.txt
[1.632s] writing entry points to ../../build/hb_task_1b/hb_task_1b.egg-info/entry_points.txt
[1.633s] writing requirements to ../../build/hb_task_1b/hb_task_1b.egg-info/requires.txt
[1.633s] writing top-level names to ../../build/hb_task_1b/hb_task_1b.egg-info/top_level.txt
[1.633s] reading manifest file '../../build/hb_task_1b/hb_task_1b.egg-info/SOURCES.txt'
[1.633s] writing manifest file '../../build/hb_task_1b/hb_task_1b.egg-info/SOURCES.txt'
[1.634s] running build
[1.634s] running build_py
[1.634s] running install
[1.634s] running install_lib
[1.635s] running install_data
[1.635s] running install_egg_info
[1.635s] removing '/home/bhajneet/eyrc_hb/hb_task1b_ws/install/hb_task_1b/lib/python3.10/site-packages/hb_task_1b-0.0.0-py3.10.egg-info' (and everything under it)
[1.635s] Copying ../../build/hb_task_1b/hb_task_1b.egg-info to /home/bhajneet/eyrc_hb/hb_task1b_ws/install/hb_task_1b/lib/python3.10/site-packages/hb_task_1b-0.0.0-py3.10.egg-info
[1.635s] running install_scripts
[1.675s] Installing controller script to /home/bhajneet/eyrc_hb/hb_task1b_ws/install/hb_task_1b/lib/hb_task_1b
[1.675s] Installing service_node script to /home/bhajneet/eyrc_hb/hb_task1b_ws/install/hb_task_1b/lib/hb_task_1b
[1.676s] writing list of installed files to '/home/bhajneet/eyrc_hb/hb_task1b_ws/build/hb_task_1b/install.log'
[1.749s] Invoked command in '/home/bhajneet/eyrc_hb/hb_task1b_ws/src/hb_task_1b' returned '0': PYTHONPATH=/home/bhajneet/eyrc_hb/hb_task1b_ws/build/hb_task_1b/prefix_override:/home/bhajneet/eyrc_hb/hb_task1b_ws/install/hb_task_1b/lib/python3.10/site-packages:${PYTHONPATH} /usr/bin/python3 setup.py egg_info --egg-base ../../build/hb_task_1b build --build-base /home/bhajneet/eyrc_hb/hb_task1b_ws/build/hb_task_1b/build install --record /home/bhajneet/eyrc_hb/hb_task1b_ws/build/hb_task_1b/install.log --single-version-externally-managed
