[0.752s] Invoking command in '/home/bhajneet/eyrc_hb/hb_task1a_ws/src/hb_task_1a': PYTHONPATH=/home/bhajneet/eyrc_hb/hb_task1a_ws/build/hb_task_1a/prefix_override:/home/bhajneet/eyrc_hb/hb_task1a_ws/install/hb_task_1a/lib/python3.10/site-packages:${PYTHONPATH} /usr/bin/python3 setup.py egg_info --egg-base ../../build/hb_task_1a build --build-base /home/bhajneet/eyrc_hb/hb_task1a_ws/build/hb_task_1a/build install --record /home/bhajneet/eyrc_hb/hb_task1a_ws/build/hb_task_1a/install.log --single-version-externally-managed
[1.005s] running egg_info
[1.006s] writing ../../build/hb_task_1a/hb_task_1a.egg-info/PKG-INFO
[1.006s] writing dependency_links to ../../build/hb_task_1a/hb_task_1a.egg-info/dependency_links.txt
[1.006s] writing entry points to ../../build/hb_task_1a/hb_task_1a.egg-info/entry_points.txt
[1.007s] writing requirements to ../../build/hb_task_1a/hb_task_1a.egg-info/requires.txt
[1.007s] writing top-level names to ../../build/hb_task_1a/hb_task_1a.egg-info/top_level.txt
[1.009s] reading manifest file '../../build/hb_task_1a/hb_task_1a.egg-info/SOURCES.txt'
[1.010s] writing manifest file '../../build/hb_task_1a/hb_task_1a.egg-info/SOURCES.txt'
[1.010s] running build
[1.010s] running build_py
[1.010s] copying hb_task_1a/task_1a_2070.py -> /home/bhajneet/eyrc_hb/hb_task1a_ws/build/hb_task_1a/build/lib/hb_task_1a
[1.010s] running install
[1.011s] running install_lib
[1.012s] copying /home/bhajneet/eyrc_hb/hb_task1a_ws/build/hb_task_1a/build/lib/hb_task_1a/task_1a_2070.py -> /home/bhajneet/eyrc_hb/hb_task1a_ws/install/hb_task_1a/lib/python3.10/site-packages/hb_task_1a
[1.012s] byte-compiling /home/bhajneet/eyrc_hb/hb_task1a_ws/install/hb_task_1a/lib/python3.10/site-packages/hb_task_1a/task_1a_2070.py to task_1a_2070.cpython-310.pyc
[1.012s] running install_data
[1.013s] running install_egg_info
[1.015s] removing '/home/bhajneet/eyrc_hb/hb_task1a_ws/install/hb_task_1a/lib/python3.10/site-packages/hb_task_1a-0.0.0-py3.10.egg-info' (and everything under it)
[1.015s] Copying ../../build/hb_task_1a/hb_task_1a.egg-info to /home/bhajneet/eyrc_hb/hb_task1a_ws/install/hb_task_1a/lib/python3.10/site-packages/hb_task_1a-0.0.0-py3.10.egg-info
[1.016s] running install_scripts
[1.037s] Installing task_1a_2070 script to /home/bhajneet/eyrc_hb/hb_task1a_ws/install/hb_task_1a/lib/hb_task_1a
[1.037s] writing list of installed files to '/home/bhajneet/eyrc_hb/hb_task1a_ws/build/hb_task_1a/install.log'
[1.071s] Invoked command in '/home/bhajneet/eyrc_hb/hb_task1a_ws/src/hb_task_1a' returned '0': PYTHONPATH=/home/bhajneet/eyrc_hb/hb_task1a_ws/build/hb_task_1a/prefix_override:/home/bhajneet/eyrc_hb/hb_task1a_ws/install/hb_task_1a/lib/python3.10/site-packages:${PYTHONPATH} /usr/bin/python3 setup.py egg_info --egg-base ../../build/hb_task_1a build --build-base /home/bhajneet/eyrc_hb/hb_task1a_ws/build/hb_task_1a/build install --record /home/bhajneet/eyrc_hb/hb_task1a_ws/build/hb_task_1a/install.log --single-version-externally-managed
