[0.437s] Invoking command in '/home/bhajneet/eyrc_hb/hb_task_2_ws/build/hb_world': CMAKE_PREFIX_PATH=${CMAKE_PREFIX_PATH}:/home/bhajneet/eyrc_hb/hb_task1b_ws/install/hb_task_1b:/home/bhajneet/eyrc_hb/hb_task1a_ws/install/hb_task_1a:/opt/ros/humble /usr/bin/cmake /home/bhajneet/eyrc_hb/hb_task_2_ws/src/eYRC-2023_Hologlyph_Bots/hb_world -DCMAKE_INSTALL_PREFIX=/home/bhajneet/eyrc_hb/hb_task_2_ws/install/hb_world
[0.521s] -- The C compiler identification is GNU 11.4.0
[0.610s] -- The CXX compiler identification is GNU 11.4.0
[0.619s] -- Detecting C compiler ABI info
[0.844s] -- Detecting C compiler ABI info - done
[0.870s] -- Check for working C compiler: /usr/bin/cc - skipped
[0.872s] -- Detecting C compile features
[0.872s] -- Detecting C compile features - done
[0.878s] -- Detecting CXX compiler ABI info
[1.051s] -- Detecting CXX compiler ABI info - done
[1.059s] -- Check for working CXX compiler: /usr/bin/c++ - skipped
[1.059s] -- Detecting CXX compile features
[1.060s] -- Detecting CXX compile features - done
[1.064s] -- Found ament_cmake: 1.3.5 (/opt/ros/humble/share/ament_cmake/cmake)
[1.271s] -- Found Python3: /usr/bin/python3.10 (found version "3.10.12") found components: Interpreter 
[1.367s] -- Found rclcpp: 16.0.6 (/opt/ros/humble/share/rclcpp/cmake)
[1.408s] -- Found rosidl_generator_c: 3.1.5 (/opt/ros/humble/share/rosidl_generator_c/cmake)
[1.413s] -- Found rosidl_adapter: 3.1.5 (/opt/ros/humble/share/rosidl_adapter/cmake)
[1.421s] -- Found rosidl_generator_cpp: 3.1.5 (/opt/ros/humble/share/rosidl_generator_cpp/cmake)
[1.434s] -- Using all available rosidl_typesupport_c: rosidl_typesupport_fastrtps_c;rosidl_typesupport_introspection_c
[1.452s] -- Using all available rosidl_typesupport_cpp: rosidl_typesupport_fastrtps_cpp;rosidl_typesupport_introspection_cpp
[1.522s] -- Found rmw_implementation_cmake: 6.1.1 (/opt/ros/humble/share/rmw_implementation_cmake/cmake)
[1.526s] -- Found rmw_fastrtps_cpp: 6.2.4 (/opt/ros/humble/share/rmw_fastrtps_cpp/cmake)
[1.639s] -- Found OpenSSL: /usr/lib/x86_64-linux-gnu/libcrypto.so (found version "3.0.2")  
[1.667s] -- Found FastRTPS: /opt/ros/humble/include  
[1.719s] -- Using RMW implementation 'rmw_fastrtps_cpp' as default
[1.729s] -- Looking for pthread.h
[1.830s] -- Looking for pthread.h - found
[1.830s] -- Performing Test CMAKE_HAVE_LIBC_PTHREAD
[1.904s] -- Performing Test CMAKE_HAVE_LIBC_PTHREAD - Success
[1.905s] -- Found Threads: TRUE  
[2.080s] -- Found rclpy: 3.3.10 (/opt/ros/humble/share/rclpy/cmake)
[2.080s] -- Found urdf: 2.6.0 (/opt/ros/humble/share/urdf/cmake)
[2.116s] -- Found xacro: 2.0.8 (/opt/ros/humble/share/xacro/cmake)
[2.118s] -- Found ament_lint_auto: 0.12.8 (/opt/ros/humble/share/ament_lint_auto/cmake)
[2.201s] -- Added test 'flake8' to check Python code syntax and style conventions
[2.202s] -- Added test 'lint_cmake' to check CMake code style
[2.202s] -- Added test 'pep257' to check Python code against some of the docstring style conventions in PEP 257
[2.204s] -- Added test 'xmllint' to check XML markup files
[2.206s] -- Configuring done
[2.212s] -- Generating done
[2.214s] -- Build files have been written to: /home/bhajneet/eyrc_hb/hb_task_2_ws/build/hb_world
[2.233s] Invoked command in '/home/bhajneet/eyrc_hb/hb_task_2_ws/build/hb_world' returned '0': CMAKE_PREFIX_PATH=${CMAKE_PREFIX_PATH}:/home/bhajneet/eyrc_hb/hb_task1b_ws/install/hb_task_1b:/home/bhajneet/eyrc_hb/hb_task1a_ws/install/hb_task_1a:/opt/ros/humble /usr/bin/cmake /home/bhajneet/eyrc_hb/hb_task_2_ws/src/eYRC-2023_Hologlyph_Bots/hb_world -DCMAKE_INSTALL_PREFIX=/home/bhajneet/eyrc_hb/hb_task_2_ws/install/hb_world
[2.235s] Invoking command in '/home/bhajneet/eyrc_hb/hb_task_2_ws/build/hb_world': CMAKE_PREFIX_PATH=${CMAKE_PREFIX_PATH}:/home/bhajneet/eyrc_hb/hb_task1b_ws/install/hb_task_1b:/home/bhajneet/eyrc_hb/hb_task1a_ws/install/hb_task_1a:/opt/ros/humble /usr/bin/cmake --build /home/bhajneet/eyrc_hb/hb_task_2_ws/build/hb_world -- -j8 -l8
[2.316s] Invoked command in '/home/bhajneet/eyrc_hb/hb_task_2_ws/build/hb_world' returned '0': CMAKE_PREFIX_PATH=${CMAKE_PREFIX_PATH}:/home/bhajneet/eyrc_hb/hb_task1b_ws/install/hb_task_1b:/home/bhajneet/eyrc_hb/hb_task1a_ws/install/hb_task_1a:/opt/ros/humble /usr/bin/cmake --build /home/bhajneet/eyrc_hb/hb_task_2_ws/build/hb_world -- -j8 -l8
[2.340s] Invoking command in '/home/bhajneet/eyrc_hb/hb_task_2_ws/build/hb_world': CMAKE_PREFIX_PATH=${CMAKE_PREFIX_PATH}:/home/bhajneet/eyrc_hb/hb_task1b_ws/install/hb_task_1b:/home/bhajneet/eyrc_hb/hb_task1a_ws/install/hb_task_1a:/opt/ros/humble /usr/bin/cmake --install /home/bhajneet/eyrc_hb/hb_task_2_ws/build/hb_world
[2.349s] -- Install configuration: ""
[2.349s] -- Installing: /home/bhajneet/eyrc_hb/hb_task_2_ws/install/hb_world/share/hb_world//launch
[2.349s] -- Installing: /home/bhajneet/eyrc_hb/hb_task_2_ws/install/hb_world/share/hb_world//launch/world.launch.py
[2.349s] -- Installing: /home/bhajneet/eyrc_hb/hb_task_2_ws/install/hb_world/share/hb_world//worlds
[2.349s] -- Installing: /home/bhajneet/eyrc_hb/hb_task_2_ws/install/hb_world/share/hb_world//worlds/gazebo.world
[2.350s] -- Installing: /home/bhajneet/eyrc_hb/hb_task_2_ws/install/hb_world/share/hb_world//models
[2.350s] -- Installing: /home/bhajneet/eyrc_hb/hb_task_2_ws/install/hb_world/share/hb_world//models/arena
[2.350s] -- Installing: /home/bhajneet/eyrc_hb/hb_task_2_ws/install/hb_world/share/hb_world//models/arena/model.sdf
[2.350s] -- Installing: /home/bhajneet/eyrc_hb/hb_task_2_ws/install/hb_world/share/hb_world//models/arena/model.config
[2.350s] -- Installing: /home/bhajneet/eyrc_hb/hb_task_2_ws/install/hb_world/share/hb_world//models/arena/meshes
[2.350s] -- Installing: /home/bhajneet/eyrc_hb/hb_task_2_ws/install/hb_world/share/hb_world//models/arena/meshes/arena.dae
[2.351s] -- Installing: /home/bhajneet/eyrc_hb/hb_task_2_ws/install/hb_world/share/hb_world//models/arena/meshes/arena.jpg
[2.351s] -- Installing: /home/bhajneet/eyrc_hb/hb_task_2_ws/install/hb_world/share/hb_world//models/ground_surface
[2.351s] -- Installing: /home/bhajneet/eyrc_hb/hb_task_2_ws/install/hb_world/share/hb_world//models/ground_surface/model.sdf
[2.351s] -- Installing: /home/bhajneet/eyrc_hb/hb_task_2_ws/install/hb_world/share/hb_world//models/ground_surface/model.config
[2.351s] -- Installing: /home/bhajneet/eyrc_hb/hb_task_2_ws/install/hb_world/share/hb_world//models/ground_surface/meshes
[2.351s] -- Installing: /home/bhajneet/eyrc_hb/hb_task_2_ws/install/hb_world/share/hb_world//models/ground_surface/meshes/geoglyph.jpg
[2.351s] -- Installing: /home/bhajneet/eyrc_hb/hb_task_2_ws/install/hb_world/share/hb_world//models/ground_surface/meshes/ground_surface.dae
[2.351s] -- Installing: /home/bhajneet/eyrc_hb/hb_task_2_ws/install/hb_world/share/hb_world//models/e_camera
[2.351s] -- Installing: /home/bhajneet/eyrc_hb/hb_task_2_ws/install/hb_world/share/hb_world//models/e_camera/model.sdf
[2.351s] -- Installing: /home/bhajneet/eyrc_hb/hb_task_2_ws/install/hb_world/share/hb_world//models/e_camera/model.config
[2.351s] -- Installing: /home/bhajneet/eyrc_hb/hb_task_2_ws/install/hb_world/share/hb_world//models/e_camera/meshes
[2.351s] -- Installing: /home/bhajneet/eyrc_hb/hb_task_2_ws/install/hb_world/share/hb_world//models/e_camera/meshes/camera.dae
[2.351s] -- Installing: /home/bhajneet/eyrc_hb/hb_task_2_ws/install/hb_world/share/hb_world//models/e_camera/meshes/17eyantra_logo_large e.png
[2.352s] -- Installing: /home/bhajneet/eyrc_hb/hb_task_2_ws/install/hb_world/share/ament_index/resource_index/package_run_dependencies/hb_world
[2.352s] -- Installing: /home/bhajneet/eyrc_hb/hb_task_2_ws/install/hb_world/share/ament_index/resource_index/parent_prefix_path/hb_world
[2.352s] -- Installing: /home/bhajneet/eyrc_hb/hb_task_2_ws/install/hb_world/share/hb_world/environment/ament_prefix_path.sh
[2.352s] -- Installing: /home/bhajneet/eyrc_hb/hb_task_2_ws/install/hb_world/share/hb_world/environment/ament_prefix_path.dsv
[2.352s] -- Installing: /home/bhajneet/eyrc_hb/hb_task_2_ws/install/hb_world/share/hb_world/environment/path.sh
[2.352s] -- Installing: /home/bhajneet/eyrc_hb/hb_task_2_ws/install/hb_world/share/hb_world/environment/path.dsv
[2.352s] -- Installing: /home/bhajneet/eyrc_hb/hb_task_2_ws/install/hb_world/share/hb_world/local_setup.bash
[2.353s] -- Installing: /home/bhajneet/eyrc_hb/hb_task_2_ws/install/hb_world/share/hb_world/local_setup.sh
[2.353s] -- Installing: /home/bhajneet/eyrc_hb/hb_task_2_ws/install/hb_world/share/hb_world/local_setup.zsh
[2.353s] -- Installing: /home/bhajneet/eyrc_hb/hb_task_2_ws/install/hb_world/share/hb_world/local_setup.dsv
[2.353s] -- Installing: /home/bhajneet/eyrc_hb/hb_task_2_ws/install/hb_world/share/hb_world/package.dsv
[2.353s] -- Installing: /home/bhajneet/eyrc_hb/hb_task_2_ws/install/hb_world/share/ament_index/resource_index/packages/hb_world
[2.353s] -- Installing: /home/bhajneet/eyrc_hb/hb_task_2_ws/install/hb_world/share/hb_world/cmake/hb_worldConfig.cmake
[2.353s] -- Installing: /home/bhajneet/eyrc_hb/hb_task_2_ws/install/hb_world/share/hb_world/cmake/hb_worldConfig-version.cmake
[2.353s] -- Installing: /home/bhajneet/eyrc_hb/hb_task_2_ws/install/hb_world/share/hb_world/package.xml
[2.355s] Invoked command in '/home/bhajneet/eyrc_hb/hb_task_2_ws/build/hb_world' returned '0': CMAKE_PREFIX_PATH=${CMAKE_PREFIX_PATH}:/home/bhajneet/eyrc_hb/hb_task1b_ws/install/hb_task_1b:/home/bhajneet/eyrc_hb/hb_task1a_ws/install/hb_task_1a:/opt/ros/humble /usr/bin/cmake --install /home/bhajneet/eyrc_hb/hb_task_2_ws/build/hb_world
