[0.727s] DEBUG:colcon:Command line arguments: ['/usr/bin/colcon', 'build']
[0.728s] DEBUG:colcon:Parsed command line arguments: Namespace(log_base=None, log_level=None, verb_name='build', build_base='build', install_base='install', merge_install=False, symlink_install=False, test_result_base=None, continue_on_error=False, executor='parallel', parallel_workers=8, event_handlers=None, ignore_user_meta=False, metas=['./colcon.meta'], base_paths=['.'], packages_ignore=None, packages_ignore_regex=None, paths=None, packages_up_to=None, packages_up_to_regex=None, packages_above=None, packages_above_and_dependencies=None, packages_above_depth=None, packages_select_by_dep=None, packages_skip_by_dep=None, packages_skip_up_to=None, packages_select_build_failed=False, packages_skip_build_finished=False, packages_select_test_failures=False, packages_skip_test_passed=False, packages_select=None, packages_skip=None, packages_select_regex=None, packages_skip_regex=None, packages_start=None, packages_end=None, allow_overriding=[], cmake_args=None, cmake_target=None, cmake_target_skip_unavailable=False, cmake_clean_cache=False, cmake_clean_first=False, cmake_force_configure=False, ament_cmake_args=None, catkin_cmake_args=None, catkin_skip_building_tests=False, verb_parser=<colcon_defaults.argument_parser.defaults.DefaultArgumentsDecorator object at 0x7ff3df3d1a50>, verb_extension=<colcon_core.verb.build.BuildVerb object at 0x7ff3df3d3550>, main=<bound method BuildVerb.main of <colcon_core.verb.build.BuildVerb object at 0x7ff3df3d3550>>)
[0.762s] Level 1:colcon.colcon_core.package_discovery:discover_packages(colcon_meta) check parameters
[0.762s] Level 1:colcon.colcon_core.package_discovery:discover_packages(recursive) check parameters
[0.762s] Level 1:colcon.colcon_core.package_discovery:discover_packages(ignore) check parameters
[0.762s] Level 1:colcon.colcon_core.package_discovery:discover_packages(path) check parameters
[0.762s] Level 1:colcon.colcon_core.package_discovery:discover_packages(colcon_meta) discover
[0.762s] Level 1:colcon.colcon_core.package_discovery:discover_packages(recursive) discover
[0.762s] INFO:colcon.colcon_core.package_discovery:Crawling recursively for packages in '/home/bhajneet/eyrc_hb/hb_task_2_ws'
[0.762s] Level 1:colcon.colcon_core.package_identification:_identify(.) by extensions ['ignore', 'ignore_ament_install']
[0.763s] Level 1:colcon.colcon_core.package_identification:_identify(.) by extension 'ignore'
[0.763s] Level 1:colcon.colcon_core.package_identification:_identify(.) by extension 'ignore_ament_install'
[0.763s] Level 1:colcon.colcon_core.package_identification:_identify(.) by extensions ['colcon_pkg']
[0.763s] Level 1:colcon.colcon_core.package_identification:_identify(.) by extension 'colcon_pkg'
[0.763s] Level 1:colcon.colcon_core.package_identification:_identify(.) by extensions ['colcon_meta']
[0.763s] Level 1:colcon.colcon_core.package_identification:_identify(.) by extension 'colcon_meta'
[0.763s] Level 1:colcon.colcon_core.package_identification:_identify(.) by extensions ['ros']
[0.763s] Level 1:colcon.colcon_core.package_identification:_identify(.) by extension 'ros'
[0.771s] Level 1:colcon.colcon_core.package_identification:_identify(.) by extensions ['cmake', 'python']
[0.771s] Level 1:colcon.colcon_core.package_identification:_identify(.) by extension 'cmake'
[0.771s] Level 1:colcon.colcon_core.package_identification:_identify(.) by extension 'python'
[0.771s] Level 1:colcon.colcon_core.package_identification:_identify(.) by extensions ['python_setup_py']
[0.771s] Level 1:colcon.colcon_core.package_identification:_identify(.) by extension 'python_setup_py'
[0.772s] Level 1:colcon.colcon_core.package_identification:_identify(build) by extensions ['ignore', 'ignore_ament_install']
[0.772s] Level 1:colcon.colcon_core.package_identification:_identify(build) by extension 'ignore'
[0.772s] Level 1:colcon.colcon_core.package_identification:_identify(build) ignored
[0.772s] Level 1:colcon.colcon_core.package_identification:_identify(install) by extensions ['ignore', 'ignore_ament_install']
[0.772s] Level 1:colcon.colcon_core.package_identification:_identify(install) by extension 'ignore'
[0.772s] Level 1:colcon.colcon_core.package_identification:_identify(install) ignored
[0.772s] Level 1:colcon.colcon_core.package_identification:_identify(log) by extensions ['ignore', 'ignore_ament_install']
[0.772s] Level 1:colcon.colcon_core.package_identification:_identify(log) by extension 'ignore'
[0.772s] Level 1:colcon.colcon_core.package_identification:_identify(log) ignored
[0.772s] Level 1:colcon.colcon_core.package_identification:_identify(src) by extensions ['ignore', 'ignore_ament_install']
[0.772s] Level 1:colcon.colcon_core.package_identification:_identify(src) by extension 'ignore'
[0.772s] Level 1:colcon.colcon_core.package_identification:_identify(src) by extension 'ignore_ament_install'
[0.772s] Level 1:colcon.colcon_core.package_identification:_identify(src) by extensions ['colcon_pkg']
[0.772s] Level 1:colcon.colcon_core.package_identification:_identify(src) by extension 'colcon_pkg'
[0.772s] Level 1:colcon.colcon_core.package_identification:_identify(src) by extensions ['colcon_meta']
[0.772s] Level 1:colcon.colcon_core.package_identification:_identify(src) by extension 'colcon_meta'
[0.772s] Level 1:colcon.colcon_core.package_identification:_identify(src) by extensions ['ros']
[0.772s] Level 1:colcon.colcon_core.package_identification:_identify(src) by extension 'ros'
[0.772s] Level 1:colcon.colcon_core.package_identification:_identify(src) by extensions ['cmake', 'python']
[0.772s] Level 1:colcon.colcon_core.package_identification:_identify(src) by extension 'cmake'
[0.772s] Level 1:colcon.colcon_core.package_identification:_identify(src) by extension 'python'
[0.772s] Level 1:colcon.colcon_core.package_identification:_identify(src) by extensions ['python_setup_py']
[0.772s] Level 1:colcon.colcon_core.package_identification:_identify(src) by extension 'python_setup_py'
[0.773s] Level 1:colcon.colcon_core.package_identification:_identify(src/eYRC-2023_Hologlyph_Bots) by extensions ['ignore', 'ignore_ament_install']
[0.773s] Level 1:colcon.colcon_core.package_identification:_identify(src/eYRC-2023_Hologlyph_Bots) by extension 'ignore'
[0.773s] Level 1:colcon.colcon_core.package_identification:_identify(src/eYRC-2023_Hologlyph_Bots) by extension 'ignore_ament_install'
[0.773s] Level 1:colcon.colcon_core.package_identification:_identify(src/eYRC-2023_Hologlyph_Bots) by extensions ['colcon_pkg']
[0.773s] Level 1:colcon.colcon_core.package_identification:_identify(src/eYRC-2023_Hologlyph_Bots) by extension 'colcon_pkg'
[0.773s] Level 1:colcon.colcon_core.package_identification:_identify(src/eYRC-2023_Hologlyph_Bots) by extensions ['colcon_meta']
[0.773s] Level 1:colcon.colcon_core.package_identification:_identify(src/eYRC-2023_Hologlyph_Bots) by extension 'colcon_meta'
[0.773s] Level 1:colcon.colcon_core.package_identification:_identify(src/eYRC-2023_Hologlyph_Bots) by extensions ['ros']
[0.773s] Level 1:colcon.colcon_core.package_identification:_identify(src/eYRC-2023_Hologlyph_Bots) by extension 'ros'
[0.773s] Level 1:colcon.colcon_core.package_identification:_identify(src/eYRC-2023_Hologlyph_Bots) by extensions ['cmake', 'python']
[0.773s] Level 1:colcon.colcon_core.package_identification:_identify(src/eYRC-2023_Hologlyph_Bots) by extension 'cmake'
[0.773s] Level 1:colcon.colcon_core.package_identification:_identify(src/eYRC-2023_Hologlyph_Bots) by extension 'python'
[0.773s] Level 1:colcon.colcon_core.package_identification:_identify(src/eYRC-2023_Hologlyph_Bots) by extensions ['python_setup_py']
[0.773s] Level 1:colcon.colcon_core.package_identification:_identify(src/eYRC-2023_Hologlyph_Bots) by extension 'python_setup_py'
[0.773s] Level 1:colcon.colcon_core.package_identification:_identify(src/eYRC-2023_Hologlyph_Bots/hb_bot) by extensions ['ignore', 'ignore_ament_install']
[0.773s] Level 1:colcon.colcon_core.package_identification:_identify(src/eYRC-2023_Hologlyph_Bots/hb_bot) by extension 'ignore'
[0.773s] Level 1:colcon.colcon_core.package_identification:_identify(src/eYRC-2023_Hologlyph_Bots/hb_bot) by extension 'ignore_ament_install'
[0.773s] Level 1:colcon.colcon_core.package_identification:_identify(src/eYRC-2023_Hologlyph_Bots/hb_bot) by extensions ['colcon_pkg']
[0.773s] Level 1:colcon.colcon_core.package_identification:_identify(src/eYRC-2023_Hologlyph_Bots/hb_bot) by extension 'colcon_pkg'
[0.773s] Level 1:colcon.colcon_core.package_identification:_identify(src/eYRC-2023_Hologlyph_Bots/hb_bot) by extensions ['colcon_meta']
[0.773s] Level 1:colcon.colcon_core.package_identification:_identify(src/eYRC-2023_Hologlyph_Bots/hb_bot) by extension 'colcon_meta'
[0.773s] Level 1:colcon.colcon_core.package_identification:_identify(src/eYRC-2023_Hologlyph_Bots/hb_bot) by extensions ['ros']
[0.773s] Level 1:colcon.colcon_core.package_identification:_identify(src/eYRC-2023_Hologlyph_Bots/hb_bot) by extension 'ros'
[0.776s] DEBUG:colcon.colcon_core.package_identification:Package 'src/eYRC-2023_Hologlyph_Bots/hb_bot' with type 'ros.ament_cmake' and name 'hb_bot'
[0.776s] Level 1:colcon.colcon_core.package_identification:_identify(src/eYRC-2023_Hologlyph_Bots/hb_task2a) by extensions ['ignore', 'ignore_ament_install']
[0.776s] Level 1:colcon.colcon_core.package_identification:_identify(src/eYRC-2023_Hologlyph_Bots/hb_task2a) by extension 'ignore'
[0.776s] Level 1:colcon.colcon_core.package_identification:_identify(src/eYRC-2023_Hologlyph_Bots/hb_task2a) by extension 'ignore_ament_install'
[0.776s] Level 1:colcon.colcon_core.package_identification:_identify(src/eYRC-2023_Hologlyph_Bots/hb_task2a) by extensions ['colcon_pkg']
[0.776s] Level 1:colcon.colcon_core.package_identification:_identify(src/eYRC-2023_Hologlyph_Bots/hb_task2a) by extension 'colcon_pkg'
[0.776s] Level 1:colcon.colcon_core.package_identification:_identify(src/eYRC-2023_Hologlyph_Bots/hb_task2a) by extensions ['colcon_meta']
[0.776s] Level 1:colcon.colcon_core.package_identification:_identify(src/eYRC-2023_Hologlyph_Bots/hb_task2a) by extension 'colcon_meta'
[0.776s] Level 1:colcon.colcon_core.package_identification:_identify(src/eYRC-2023_Hologlyph_Bots/hb_task2a) by extensions ['ros']
[0.776s] Level 1:colcon.colcon_core.package_identification:_identify(src/eYRC-2023_Hologlyph_Bots/hb_task2a) by extension 'ros'
[0.777s] DEBUG:colcon.colcon_core.package_identification:Package 'src/eYRC-2023_Hologlyph_Bots/hb_task2a' with type 'ros.ament_python' and name 'hb_task2a'
[0.777s] Level 1:colcon.colcon_core.package_identification:_identify(src/eYRC-2023_Hologlyph_Bots/hb_world) by extensions ['ignore', 'ignore_ament_install']
[0.777s] Level 1:colcon.colcon_core.package_identification:_identify(src/eYRC-2023_Hologlyph_Bots/hb_world) by extension 'ignore'
[0.777s] Level 1:colcon.colcon_core.package_identification:_identify(src/eYRC-2023_Hologlyph_Bots/hb_world) by extension 'ignore_ament_install'
[0.777s] Level 1:colcon.colcon_core.package_identification:_identify(src/eYRC-2023_Hologlyph_Bots/hb_world) by extensions ['colcon_pkg']
[0.777s] Level 1:colcon.colcon_core.package_identification:_identify(src/eYRC-2023_Hologlyph_Bots/hb_world) by extension 'colcon_pkg'
[0.777s] Level 1:colcon.colcon_core.package_identification:_identify(src/eYRC-2023_Hologlyph_Bots/hb_world) by extensions ['colcon_meta']
[0.777s] Level 1:colcon.colcon_core.package_identification:_identify(src/eYRC-2023_Hologlyph_Bots/hb_world) by extension 'colcon_meta'
[0.777s] Level 1:colcon.colcon_core.package_identification:_identify(src/eYRC-2023_Hologlyph_Bots/hb_world) by extensions ['ros']
[0.777s] Level 1:colcon.colcon_core.package_identification:_identify(src/eYRC-2023_Hologlyph_Bots/hb_world) by extension 'ros'
[0.778s] DEBUG:colcon.colcon_core.package_identification:Package 'src/eYRC-2023_Hologlyph_Bots/hb_world' with type 'ros.ament_cmake' and name 'hb_world'
[0.778s] Level 1:colcon.colcon_core.package_identification:_identify(src/eYRC-2023_Hologlyph_Bots/my_robot_interfaces) by extensions ['ignore', 'ignore_ament_install']
[0.778s] Level 1:colcon.colcon_core.package_identification:_identify(src/eYRC-2023_Hologlyph_Bots/my_robot_interfaces) by extension 'ignore'
[0.778s] Level 1:colcon.colcon_core.package_identification:_identify(src/eYRC-2023_Hologlyph_Bots/my_robot_interfaces) by extension 'ignore_ament_install'
[0.778s] Level 1:colcon.colcon_core.package_identification:_identify(src/eYRC-2023_Hologlyph_Bots/my_robot_interfaces) by extensions ['colcon_pkg']
[0.778s] Level 1:colcon.colcon_core.package_identification:_identify(src/eYRC-2023_Hologlyph_Bots/my_robot_interfaces) by extension 'colcon_pkg'
[0.778s] Level 1:colcon.colcon_core.package_identification:_identify(src/eYRC-2023_Hologlyph_Bots/my_robot_interfaces) by extensions ['colcon_meta']
[0.778s] Level 1:colcon.colcon_core.package_identification:_identify(src/eYRC-2023_Hologlyph_Bots/my_robot_interfaces) by extension 'colcon_meta'
[0.779s] Level 1:colcon.colcon_core.package_identification:_identify(src/eYRC-2023_Hologlyph_Bots/my_robot_interfaces) by extensions ['ros']
[0.779s] Level 1:colcon.colcon_core.package_identification:_identify(src/eYRC-2023_Hologlyph_Bots/my_robot_interfaces) by extension 'ros'
[0.779s] DEBUG:colcon.colcon_core.package_identification:Package 'src/eYRC-2023_Hologlyph_Bots/my_robot_interfaces' with type 'ros.ament_cmake' and name 'my_robot_interfaces'
[0.779s] Level 1:colcon.colcon_core.package_discovery:discover_packages(recursive) using defaults
[0.779s] Level 1:colcon.colcon_core.package_discovery:discover_packages(ignore) discover
[0.779s] Level 1:colcon.colcon_core.package_discovery:discover_packages(ignore) using defaults
[0.779s] Level 1:colcon.colcon_core.package_discovery:discover_packages(path) discover
[0.779s] Level 1:colcon.colcon_core.package_discovery:discover_packages(path) using defaults
[0.848s] Level 1:colcon.colcon_core.package_discovery:discover_packages(prefix_path) check parameters
[0.848s] Level 1:colcon.colcon_core.package_discovery:discover_packages(prefix_path) discover
[0.869s] DEBUG:colcon.colcon_installed_package_information.package_discovery:Found 2 installed packages in /home/bhajneet/eyrc_hb/hb_task1b_ws/install
[0.879s] DEBUG:colcon.colcon_installed_package_information.package_discovery:Found 2 installed packages in /home/bhajneet/eyrc_hb/hb_task1a_ws/install
[0.890s] DEBUG:colcon.colcon_installed_package_information.package_discovery:Found 280 installed packages in /opt/ros/humble
[0.891s] Level 1:colcon.colcon_core.package_discovery:discover_packages(prefix_path) using defaults
[0.958s] Level 5:colcon.colcon_core.verb:set package 'hb_bot' build argument 'cmake_args' from command line to 'None'
[0.958s] Level 5:colcon.colcon_core.verb:set package 'hb_bot' build argument 'cmake_target' from command line to 'None'
[0.958s] Level 5:colcon.colcon_core.verb:set package 'hb_bot' build argument 'cmake_target_skip_unavailable' from command line to 'False'
[0.958s] Level 5:colcon.colcon_core.verb:set package 'hb_bot' build argument 'cmake_clean_cache' from command line to 'False'
[0.958s] Level 5:colcon.colcon_core.verb:set package 'hb_bot' build argument 'cmake_clean_first' from command line to 'False'
[0.958s] Level 5:colcon.colcon_core.verb:set package 'hb_bot' build argument 'cmake_force_configure' from command line to 'False'
[0.958s] Level 5:colcon.colcon_core.verb:set package 'hb_bot' build argument 'ament_cmake_args' from command line to 'None'
[0.958s] Level 5:colcon.colcon_core.verb:set package 'hb_bot' build argument 'catkin_cmake_args' from command line to 'None'
[0.958s] Level 5:colcon.colcon_core.verb:set package 'hb_bot' build argument 'catkin_skip_building_tests' from command line to 'False'
[0.958s] DEBUG:colcon.colcon_core.verb:Building package 'hb_bot' with the following arguments: {'ament_cmake_args': None, 'build_base': '/home/bhajneet/eyrc_hb/hb_task_2_ws/build/hb_bot', 'catkin_cmake_args': None, 'catkin_skip_building_tests': False, 'cmake_args': None, 'cmake_clean_cache': False, 'cmake_clean_first': False, 'cmake_force_configure': False, 'cmake_target': None, 'cmake_target_skip_unavailable': False, 'install_base': '/home/bhajneet/eyrc_hb/hb_task_2_ws/install/hb_bot', 'merge_install': False, 'path': '/home/bhajneet/eyrc_hb/hb_task_2_ws/src/eYRC-2023_Hologlyph_Bots/hb_bot', 'symlink_install': False, 'test_result_base': None}
[0.968s] Level 5:colcon.colcon_core.verb:set package 'hb_task2a' build argument 'cmake_args' from command line to 'None'
[0.968s] Level 5:colcon.colcon_core.verb:set package 'hb_task2a' build argument 'cmake_target' from command line to 'None'
[0.968s] Level 5:colcon.colcon_core.verb:set package 'hb_task2a' build argument 'cmake_target_skip_unavailable' from command line to 'False'
[0.968s] Level 5:colcon.colcon_core.verb:set package 'hb_task2a' build argument 'cmake_clean_cache' from command line to 'False'
[0.968s] Level 5:colcon.colcon_core.verb:set package 'hb_task2a' build argument 'cmake_clean_first' from command line to 'False'
[0.969s] Level 5:colcon.colcon_core.verb:set package 'hb_task2a' build argument 'cmake_force_configure' from command line to 'False'
[0.969s] Level 5:colcon.colcon_core.verb:set package 'hb_task2a' build argument 'ament_cmake_args' from command line to 'None'
[0.969s] Level 5:colcon.colcon_core.verb:set package 'hb_task2a' build argument 'catkin_cmake_args' from command line to 'None'
[0.969s] Level 5:colcon.colcon_core.verb:set package 'hb_task2a' build argument 'catkin_skip_building_tests' from command line to 'False'
[0.969s] DEBUG:colcon.colcon_core.verb:Building package 'hb_task2a' with the following arguments: {'ament_cmake_args': None, 'build_base': '/home/bhajneet/eyrc_hb/hb_task_2_ws/build/hb_task2a', 'catkin_cmake_args': None, 'catkin_skip_building_tests': False, 'cmake_args': None, 'cmake_clean_cache': False, 'cmake_clean_first': False, 'cmake_force_configure': False, 'cmake_target': None, 'cmake_target_skip_unavailable': False, 'install_base': '/home/bhajneet/eyrc_hb/hb_task_2_ws/install/hb_task2a', 'merge_install': False, 'path': '/home/bhajneet/eyrc_hb/hb_task_2_ws/src/eYRC-2023_Hologlyph_Bots/hb_task2a', 'symlink_install': False, 'test_result_base': None}
[0.980s] Level 5:colcon.colcon_core.verb:set package 'hb_world' build argument 'cmake_args' from command line to 'None'
[0.980s] Level 5:colcon.colcon_core.verb:set package 'hb_world' build argument 'cmake_target' from command line to 'None'
[0.980s] Level 5:colcon.colcon_core.verb:set package 'hb_world' build argument 'cmake_target_skip_unavailable' from command line to 'False'
[0.980s] Level 5:colcon.colcon_core.verb:set package 'hb_world' build argument 'cmake_clean_cache' from command line to 'False'
[0.980s] Level 5:colcon.colcon_core.verb:set package 'hb_world' build argument 'cmake_clean_first' from command line to 'False'
[0.980s] Level 5:colcon.colcon_core.verb:set package 'hb_world' build argument 'cmake_force_configure' from command line to 'False'
[0.980s] Level 5:colcon.colcon_core.verb:set package 'hb_world' build argument 'ament_cmake_args' from command line to 'None'
[0.980s] Level 5:colcon.colcon_core.verb:set package 'hb_world' build argument 'catkin_cmake_args' from command line to 'None'
[0.980s] Level 5:colcon.colcon_core.verb:set package 'hb_world' build argument 'catkin_skip_building_tests' from command line to 'False'
[0.980s] DEBUG:colcon.colcon_core.verb:Building package 'hb_world' with the following arguments: {'ament_cmake_args': None, 'build_base': '/home/bhajneet/eyrc_hb/hb_task_2_ws/build/hb_world', 'catkin_cmake_args': None, 'catkin_skip_building_tests': False, 'cmake_args': None, 'cmake_clean_cache': False, 'cmake_clean_first': False, 'cmake_force_configure': False, 'cmake_target': None, 'cmake_target_skip_unavailable': False, 'install_base': '/home/bhajneet/eyrc_hb/hb_task_2_ws/install/hb_world', 'merge_install': False, 'path': '/home/bhajneet/eyrc_hb/hb_task_2_ws/src/eYRC-2023_Hologlyph_Bots/hb_world', 'symlink_install': False, 'test_result_base': None}
[0.990s] Level 5:colcon.colcon_core.verb:set package 'my_robot_interfaces' build argument 'cmake_args' from command line to 'None'
[0.991s] Level 5:colcon.colcon_core.verb:set package 'my_robot_interfaces' build argument 'cmake_target' from command line to 'None'
[0.991s] Level 5:colcon.colcon_core.verb:set package 'my_robot_interfaces' build argument 'cmake_target_skip_unavailable' from command line to 'False'
[0.991s] Level 5:colcon.colcon_core.verb:set package 'my_robot_interfaces' build argument 'cmake_clean_cache' from command line to 'False'
[0.991s] Level 5:colcon.colcon_core.verb:set package 'my_robot_interfaces' build argument 'cmake_clean_first' from command line to 'False'
[0.991s] Level 5:colcon.colcon_core.verb:set package 'my_robot_interfaces' build argument 'cmake_force_configure' from command line to 'False'
[0.991s] Level 5:colcon.colcon_core.verb:set package 'my_robot_interfaces' build argument 'ament_cmake_args' from command line to 'None'
[0.991s] Level 5:colcon.colcon_core.verb:set package 'my_robot_interfaces' build argument 'catkin_cmake_args' from command line to 'None'
[0.991s] Level 5:colcon.colcon_core.verb:set package 'my_robot_interfaces' build argument 'catkin_skip_building_tests' from command line to 'False'
[0.991s] DEBUG:colcon.colcon_core.verb:Building package 'my_robot_interfaces' with the following arguments: {'ament_cmake_args': None, 'build_base': '/home/bhajneet/eyrc_hb/hb_task_2_ws/build/my_robot_interfaces', 'catkin_cmake_args': None, 'catkin_skip_building_tests': False, 'cmake_args': None, 'cmake_clean_cache': False, 'cmake_clean_first': False, 'cmake_force_configure': False, 'cmake_target': None, 'cmake_target_skip_unavailable': False, 'install_base': '/home/bhajneet/eyrc_hb/hb_task_2_ws/install/my_robot_interfaces', 'merge_install': False, 'path': '/home/bhajneet/eyrc_hb/hb_task_2_ws/src/eYRC-2023_Hologlyph_Bots/my_robot_interfaces', 'symlink_install': False, 'test_result_base': None}
[1.001s] INFO:colcon.colcon_core.executor:Executing jobs using 'parallel' executor
[1.012s] DEBUG:colcon.colcon_parallel_executor.executor.parallel:run_until_complete
[1.012s] INFO:colcon.colcon_ros.task.ament_cmake.build:Building ROS package in '/home/bhajneet/eyrc_hb/hb_task_2_ws/src/eYRC-2023_Hologlyph_Bots/hb_bot' with build type 'ament_cmake'
[1.012s] INFO:colcon.colcon_cmake.task.cmake.build:Building CMake package in '/home/bhajneet/eyrc_hb/hb_task_2_ws/src/eYRC-2023_Hologlyph_Bots/hb_bot'
[1.024s] INFO:colcon.colcon_core.plugin_system:Skipping extension 'colcon_core.shell.bat': Not used on non-Windows systems
[1.024s] INFO:colcon.colcon_core.shell:Skip shell extension 'powershell' for command environment: Not usable outside of PowerShell
[1.024s] DEBUG:colcon.colcon_core.shell:Skip shell extension 'dsv' for command environment
[1.070s] INFO:colcon.colcon_ros.task.ament_python.build:Building ROS package in '/home/bhajneet/eyrc_hb/hb_task_2_ws/src/eYRC-2023_Hologlyph_Bots/hb_task2a' with build type 'ament_python'
[1.071s] Level 1:colcon.colcon_core.shell:create_environment_hook('hb_task2a', 'ament_prefix_path')
[1.083s] INFO:colcon.colcon_core.shell:Creating environment hook '/home/bhajneet/eyrc_hb/hb_task_2_ws/install/hb_task2a/share/hb_task2a/hook/ament_prefix_path.ps1'
[1.083s] INFO:colcon.colcon_core.shell:Creating environment descriptor '/home/bhajneet/eyrc_hb/hb_task_2_ws/install/hb_task2a/share/hb_task2a/hook/ament_prefix_path.dsv'
[1.084s] INFO:colcon.colcon_core.shell:Creating environment hook '/home/bhajneet/eyrc_hb/hb_task_2_ws/install/hb_task2a/share/hb_task2a/hook/ament_prefix_path.sh'
[1.095s] INFO:colcon.colcon_core.shell:Skip shell extension 'powershell' for command environment: Not usable outside of PowerShell
[1.096s] DEBUG:colcon.colcon_core.shell:Skip shell extension 'dsv' for command environment
[1.141s] INFO:colcon.colcon_ros.task.ament_cmake.build:Building ROS package in '/home/bhajneet/eyrc_hb/hb_task_2_ws/src/eYRC-2023_Hologlyph_Bots/hb_world' with build type 'ament_cmake'
[1.141s] INFO:colcon.colcon_cmake.task.cmake.build:Building CMake package in '/home/bhajneet/eyrc_hb/hb_task_2_ws/src/eYRC-2023_Hologlyph_Bots/hb_world'
[1.153s] INFO:colcon.colcon_core.shell:Skip shell extension 'powershell' for command environment: Not usable outside of PowerShell
[1.153s] DEBUG:colcon.colcon_core.shell:Skip shell extension 'dsv' for command environment
[1.197s] INFO:colcon.colcon_ros.task.ament_cmake.build:Building ROS package in '/home/bhajneet/eyrc_hb/hb_task_2_ws/src/eYRC-2023_Hologlyph_Bots/my_robot_interfaces' with build type 'ament_cmake'
[1.198s] INFO:colcon.colcon_cmake.task.cmake.build:Building CMake package in '/home/bhajneet/eyrc_hb/hb_task_2_ws/src/eYRC-2023_Hologlyph_Bots/my_robot_interfaces'
[1.208s] INFO:colcon.colcon_core.shell:Skip shell extension 'powershell' for command environment: Not usable outside of PowerShell
[1.208s] DEBUG:colcon.colcon_core.shell:Skip shell extension 'dsv' for command environment
[1.272s] DEBUG:colcon.colcon_core.event_handler.log_command:Invoking command in '/home/bhajneet/eyrc_hb/hb_task_2_ws/build/hb_bot': CMAKE_PREFIX_PATH=${CMAKE_PREFIX_PATH}:/home/bhajneet/eyrc_hb/hb_task1b_ws/install/hb_task_1b:/home/bhajneet/eyrc_hb/hb_task1a_ws/install/hb_task_1a:/opt/ros/humble /usr/bin/cmake /home/bhajneet/eyrc_hb/hb_task_2_ws/src/eYRC-2023_Hologlyph_Bots/hb_bot -DCMAKE_INSTALL_PREFIX=/home/bhajneet/eyrc_hb/hb_task_2_ws/install/hb_bot
[1.513s] INFO:colcon.colcon_core.task.python.build:Building Python package in '/home/bhajneet/eyrc_hb/hb_task_2_ws/src/eYRC-2023_Hologlyph_Bots/hb_task2a'
[1.528s] INFO:colcon.colcon_core.shell:Skip shell extension 'powershell' for command environment: Not usable outside of PowerShell
[1.528s] DEBUG:colcon.colcon_core.shell:Skip shell extension 'dsv' for command environment
[1.578s] DEBUG:colcon.colcon_core.event_handler.log_command:Invoking command in '/home/bhajneet/eyrc_hb/hb_task_2_ws/build/hb_world': CMAKE_PREFIX_PATH=${CMAKE_PREFIX_PATH}:/home/bhajneet/eyrc_hb/hb_task1b_ws/install/hb_task_1b:/home/bhajneet/eyrc_hb/hb_task1a_ws/install/hb_task_1a:/opt/ros/humble /usr/bin/cmake /home/bhajneet/eyrc_hb/hb_task_2_ws/src/eYRC-2023_Hologlyph_Bots/hb_world -DCMAKE_INSTALL_PREFIX=/home/bhajneet/eyrc_hb/hb_task_2_ws/install/hb_world
[1.588s] DEBUG:colcon.colcon_core.event_handler.log_command:Invoking command in '/home/bhajneet/eyrc_hb/hb_task_2_ws/build/my_robot_interfaces': CMAKE_PREFIX_PATH=${CMAKE_PREFIX_PATH}:/home/bhajneet/eyrc_hb/hb_task1b_ws/install/hb_task_1b:/home/bhajneet/eyrc_hb/hb_task1a_ws/install/hb_task_1a:/opt/ros/humble /usr/bin/cmake /home/bhajneet/eyrc_hb/hb_task_2_ws/src/eYRC-2023_Hologlyph_Bots/my_robot_interfaces -DCMAKE_INSTALL_PREFIX=/home/bhajneet/eyrc_hb/hb_task_2_ws/install/my_robot_interfaces
[2.382s] DEBUG:colcon.colcon_core.event_handler.log_command:Invoking command in '/home/bhajneet/eyrc_hb/hb_task_2_ws/src/eYRC-2023_Hologlyph_Bots/hb_task2a': PYTHONPATH=/home/bhajneet/eyrc_hb/hb_task_2_ws/build/hb_task2a/prefix_override:/home/bhajneet/eyrc_hb/hb_task_2_ws/install/hb_task2a/lib/python3.10/site-packages:${PYTHONPATH} /usr/bin/python3 setup.py egg_info --egg-base ../../../build/hb_task2a build --build-base /home/bhajneet/eyrc_hb/hb_task_2_ws/build/hb_task2a/build install --record /home/bhajneet/eyrc_hb/hb_task_2_ws/build/hb_task2a/install.log --single-version-externally-managed
[2.779s] DEBUG:colcon.colcon_core.event_handler.log_command:Invoked command in '/home/bhajneet/eyrc_hb/hb_task_2_ws/src/eYRC-2023_Hologlyph_Bots/hb_task2a' returned '0': PYTHONPATH=/home/bhajneet/eyrc_hb/hb_task_2_ws/build/hb_task2a/prefix_override:/home/bhajneet/eyrc_hb/hb_task_2_ws/install/hb_task2a/lib/python3.10/site-packages:${PYTHONPATH} /usr/bin/python3 setup.py egg_info --egg-base ../../../build/hb_task2a build --build-base /home/bhajneet/eyrc_hb/hb_task_2_ws/build/hb_task2a/build install --record /home/bhajneet/eyrc_hb/hb_task_2_ws/build/hb_task2a/install.log --single-version-externally-managed
[2.805s] Level 1:colcon.colcon_core.environment:checking '/home/bhajneet/eyrc_hb/hb_task_2_ws/install/hb_task2a' for CMake module files
[2.806s] Level 1:colcon.colcon_core.environment:checking '/home/bhajneet/eyrc_hb/hb_task_2_ws/install/hb_task2a' for CMake config files
[2.807s] Level 1:colcon.colcon_core.environment:checking '/home/bhajneet/eyrc_hb/hb_task_2_ws/install/hb_task2a/lib'
[2.807s] Level 1:colcon.colcon_core.environment:checking '/home/bhajneet/eyrc_hb/hb_task_2_ws/install/hb_task2a/bin'
[2.807s] Level 1:colcon.colcon_core.environment:checking '/home/bhajneet/eyrc_hb/hb_task_2_ws/install/hb_task2a/lib/pkgconfig/hb_task2a.pc'
[2.807s] Level 1:colcon.colcon_core.environment:checking '/home/bhajneet/eyrc_hb/hb_task_2_ws/install/hb_task2a/lib/python3.10/site-packages'
[2.807s] Level 1:colcon.colcon_core.shell:create_environment_hook('hb_task2a', 'pythonpath')
[2.822s] INFO:colcon.colcon_core.shell:Creating environment hook '/home/bhajneet/eyrc_hb/hb_task_2_ws/install/hb_task2a/share/hb_task2a/hook/pythonpath.ps1'
[2.822s] INFO:colcon.colcon_core.shell:Creating environment descriptor '/home/bhajneet/eyrc_hb/hb_task_2_ws/install/hb_task2a/share/hb_task2a/hook/pythonpath.dsv'
[2.823s] INFO:colcon.colcon_core.shell:Creating environment hook '/home/bhajneet/eyrc_hb/hb_task_2_ws/install/hb_task2a/share/hb_task2a/hook/pythonpath.sh'
[2.823s] Level 1:colcon.colcon_core.environment:checking '/home/bhajneet/eyrc_hb/hb_task_2_ws/install/hb_task2a/bin'
[2.823s] Level 1:colcon.colcon_core.environment:create_environment_scripts_only(hb_task2a)
[2.843s] INFO:colcon.colcon_core.shell:Creating package script '/home/bhajneet/eyrc_hb/hb_task_2_ws/install/hb_task2a/share/hb_task2a/package.ps1'
[2.845s] INFO:colcon.colcon_core.shell:Creating package descriptor '/home/bhajneet/eyrc_hb/hb_task_2_ws/install/hb_task2a/share/hb_task2a/package.dsv'
[2.846s] INFO:colcon.colcon_core.shell:Creating package script '/home/bhajneet/eyrc_hb/hb_task_2_ws/install/hb_task2a/share/hb_task2a/package.sh'
[2.847s] INFO:colcon.colcon_core.shell:Creating package script '/home/bhajneet/eyrc_hb/hb_task_2_ws/install/hb_task2a/share/hb_task2a/package.bash'
[2.848s] INFO:colcon.colcon_core.shell:Creating package script '/home/bhajneet/eyrc_hb/hb_task_2_ws/install/hb_task2a/share/hb_task2a/package.zsh'
[2.849s] Level 1:colcon.colcon_core.environment:create_file_with_runtime_dependencies(/home/bhajneet/eyrc_hb/hb_task_2_ws/install/hb_task2a/share/colcon-core/packages/hb_task2a)
[3.221s] DEBUG:colcon.colcon_core.event_handler.log_command:Invoked command in '/home/bhajneet/eyrc_hb/hb_task_2_ws/build/hb_bot' returned '0': CMAKE_PREFIX_PATH=${CMAKE_PREFIX_PATH}:/home/bhajneet/eyrc_hb/hb_task1b_ws/install/hb_task_1b:/home/bhajneet/eyrc_hb/hb_task1a_ws/install/hb_task_1a:/opt/ros/humble /usr/bin/cmake /home/bhajneet/eyrc_hb/hb_task_2_ws/src/eYRC-2023_Hologlyph_Bots/hb_bot -DCMAKE_INSTALL_PREFIX=/home/bhajneet/eyrc_hb/hb_task_2_ws/install/hb_bot
[3.221s] DEBUG:colcon.colcon_core.event_handler.log_command:Invoking command in '/home/bhajneet/eyrc_hb/hb_task_2_ws/build/hb_bot': CMAKE_PREFIX_PATH=${CMAKE_PREFIX_PATH}:/home/bhajneet/eyrc_hb/hb_task1b_ws/install/hb_task_1b:/home/bhajneet/eyrc_hb/hb_task1a_ws/install/hb_task_1a:/opt/ros/humble /usr/bin/cmake --build /home/bhajneet/eyrc_hb/hb_task_2_ws/build/hb_bot -- -j8 -l8
[3.262s] DEBUG:colcon.colcon_core.event_handler.log_command:Invoked command in '/home/bhajneet/eyrc_hb/hb_task_2_ws/build/hb_bot' returned '0': CMAKE_PREFIX_PATH=${CMAKE_PREFIX_PATH}:/home/bhajneet/eyrc_hb/hb_task1b_ws/install/hb_task_1b:/home/bhajneet/eyrc_hb/hb_task1a_ws/install/hb_task_1a:/opt/ros/humble /usr/bin/cmake --build /home/bhajneet/eyrc_hb/hb_task_2_ws/build/hb_bot -- -j8 -l8
[3.294s] DEBUG:colcon.colcon_core.event_handler.log_command:Invoking command in '/home/bhajneet/eyrc_hb/hb_task_2_ws/build/hb_bot': CMAKE_PREFIX_PATH=${CMAKE_PREFIX_PATH}:/home/bhajneet/eyrc_hb/hb_task1b_ws/install/hb_task_1b:/home/bhajneet/eyrc_hb/hb_task1a_ws/install/hb_task_1a:/opt/ros/humble /usr/bin/cmake --install /home/bhajneet/eyrc_hb/hb_task_2_ws/build/hb_bot
[3.316s] Level 1:colcon.colcon_core.environment:create_environment_scripts_only(hb_bot)
[3.316s] DEBUG:colcon.colcon_core.event_handler.log_command:Invoked command in '/home/bhajneet/eyrc_hb/hb_task_2_ws/build/hb_bot' returned '0': CMAKE_PREFIX_PATH=${CMAKE_PREFIX_PATH}:/home/bhajneet/eyrc_hb/hb_task1b_ws/install/hb_task_1b:/home/bhajneet/eyrc_hb/hb_task1a_ws/install/hb_task_1a:/opt/ros/humble /usr/bin/cmake --install /home/bhajneet/eyrc_hb/hb_task_2_ws/build/hb_bot
[3.331s] Level 1:colcon.colcon_core.environment:checking '/home/bhajneet/eyrc_hb/hb_task_2_ws/install/hb_bot' for CMake module files
[3.331s] Level 1:colcon.colcon_core.environment:checking '/home/bhajneet/eyrc_hb/hb_task_2_ws/install/hb_bot' for CMake config files
[3.332s] Level 1:colcon.colcon_core.shell:create_environment_hook('hb_bot', 'cmake_prefix_path')
[3.349s] INFO:colcon.colcon_core.shell:Creating environment hook '/home/bhajneet/eyrc_hb/hb_task_2_ws/install/hb_bot/share/hb_bot/hook/cmake_prefix_path.ps1'
[3.350s] INFO:colcon.colcon_core.shell:Creating environment descriptor '/home/bhajneet/eyrc_hb/hb_task_2_ws/install/hb_bot/share/hb_bot/hook/cmake_prefix_path.dsv'
[3.351s] INFO:colcon.colcon_core.shell:Creating environment hook '/home/bhajneet/eyrc_hb/hb_task_2_ws/install/hb_bot/share/hb_bot/hook/cmake_prefix_path.sh'
[3.352s] Level 1:colcon.colcon_core.environment:checking '/home/bhajneet/eyrc_hb/hb_task_2_ws/install/hb_bot/bin'
[3.352s] Level 1:colcon.colcon_core.environment:checking '/home/bhajneet/eyrc_hb/hb_task_2_ws/install/hb_bot/lib/pkgconfig/hb_bot.pc'
[3.352s] Level 1:colcon.colcon_core.environment:checking '/home/bhajneet/eyrc_hb/hb_task_2_ws/install/hb_bot/lib/python3.10/site-packages'
[3.353s] Level 1:colcon.colcon_core.environment:checking '/home/bhajneet/eyrc_hb/hb_task_2_ws/install/hb_bot/bin'
[3.371s] INFO:colcon.colcon_core.shell:Creating package script '/home/bhajneet/eyrc_hb/hb_task_2_ws/install/hb_bot/share/hb_bot/package.ps1'
[3.371s] INFO:colcon.colcon_core.shell:Creating package descriptor '/home/bhajneet/eyrc_hb/hb_task_2_ws/install/hb_bot/share/hb_bot/package.dsv'
[3.372s] INFO:colcon.colcon_core.shell:Creating package script '/home/bhajneet/eyrc_hb/hb_task_2_ws/install/hb_bot/share/hb_bot/package.sh'
[3.372s] INFO:colcon.colcon_core.shell:Creating package script '/home/bhajneet/eyrc_hb/hb_task_2_ws/install/hb_bot/share/hb_bot/package.bash'
[3.372s] INFO:colcon.colcon_core.shell:Creating package script '/home/bhajneet/eyrc_hb/hb_task_2_ws/install/hb_bot/share/hb_bot/package.zsh'
[3.373s] Level 1:colcon.colcon_core.environment:create_file_with_runtime_dependencies(/home/bhajneet/eyrc_hb/hb_task_2_ws/install/hb_bot/share/colcon-core/packages/hb_bot)
[3.375s] DEBUG:colcon.colcon_core.event_handler.log_command:Invoked command in '/home/bhajneet/eyrc_hb/hb_task_2_ws/build/hb_world' returned '0': CMAKE_PREFIX_PATH=${CMAKE_PREFIX_PATH}:/home/bhajneet/eyrc_hb/hb_task1b_ws/install/hb_task_1b:/home/bhajneet/eyrc_hb/hb_task1a_ws/install/hb_task_1a:/opt/ros/humble /usr/bin/cmake /home/bhajneet/eyrc_hb/hb_task_2_ws/src/eYRC-2023_Hologlyph_Bots/hb_world -DCMAKE_INSTALL_PREFIX=/home/bhajneet/eyrc_hb/hb_task_2_ws/install/hb_world
[3.376s] DEBUG:colcon.colcon_core.event_handler.log_command:Invoking command in '/home/bhajneet/eyrc_hb/hb_task_2_ws/build/hb_world': CMAKE_PREFIX_PATH=${CMAKE_PREFIX_PATH}:/home/bhajneet/eyrc_hb/hb_task1b_ws/install/hb_task_1b:/home/bhajneet/eyrc_hb/hb_task1a_ws/install/hb_task_1a:/opt/ros/humble /usr/bin/cmake --build /home/bhajneet/eyrc_hb/hb_task_2_ws/build/hb_world -- -j8 -l8
[3.408s] Level 1:colcon.colcon_core.environment:create_environment_scripts_only(hb_bot)
[3.423s] Level 1:colcon.colcon_core.environment:checking '/home/bhajneet/eyrc_hb/hb_task_2_ws/install/hb_bot' for CMake module files
[3.424s] Level 1:colcon.colcon_core.environment:checking '/home/bhajneet/eyrc_hb/hb_task_2_ws/install/hb_bot' for CMake config files
[3.424s] Level 1:colcon.colcon_core.shell:create_environment_hook('hb_bot', 'cmake_prefix_path')
[3.439s] INFO:colcon.colcon_core.shell:Creating environment hook '/home/bhajneet/eyrc_hb/hb_task_2_ws/install/hb_bot/share/hb_bot/hook/cmake_prefix_path.ps1'
[3.439s] INFO:colcon.colcon_core.shell:Creating environment descriptor '/home/bhajneet/eyrc_hb/hb_task_2_ws/install/hb_bot/share/hb_bot/hook/cmake_prefix_path.dsv'
[3.440s] INFO:colcon.colcon_core.shell:Creating environment hook '/home/bhajneet/eyrc_hb/hb_task_2_ws/install/hb_bot/share/hb_bot/hook/cmake_prefix_path.sh'
[3.440s] Level 1:colcon.colcon_core.environment:checking '/home/bhajneet/eyrc_hb/hb_task_2_ws/install/hb_bot/bin'
[3.440s] Level 1:colcon.colcon_core.environment:checking '/home/bhajneet/eyrc_hb/hb_task_2_ws/install/hb_bot/lib/pkgconfig/hb_bot.pc'
[3.440s] Level 1:colcon.colcon_core.environment:checking '/home/bhajneet/eyrc_hb/hb_task_2_ws/install/hb_bot/lib/python3.10/site-packages'
[3.440s] Level 1:colcon.colcon_core.environment:checking '/home/bhajneet/eyrc_hb/hb_task_2_ws/install/hb_bot/bin'
[3.454s] INFO:colcon.colcon_core.shell:Creating package script '/home/bhajneet/eyrc_hb/hb_task_2_ws/install/hb_bot/share/hb_bot/package.ps1'
[3.454s] INFO:colcon.colcon_core.shell:Creating package descriptor '/home/bhajneet/eyrc_hb/hb_task_2_ws/install/hb_bot/share/hb_bot/package.dsv'
[3.455s] INFO:colcon.colcon_core.shell:Creating package script '/home/bhajneet/eyrc_hb/hb_task_2_ws/install/hb_bot/share/hb_bot/package.sh'
[3.455s] INFO:colcon.colcon_core.shell:Creating package script '/home/bhajneet/eyrc_hb/hb_task_2_ws/install/hb_bot/share/hb_bot/package.bash'
[3.456s] INFO:colcon.colcon_core.shell:Creating package script '/home/bhajneet/eyrc_hb/hb_task_2_ws/install/hb_bot/share/hb_bot/package.zsh'
[3.456s] Level 1:colcon.colcon_core.environment:create_file_with_runtime_dependencies(/home/bhajneet/eyrc_hb/hb_task_2_ws/install/hb_bot/share/colcon-core/packages/hb_bot)
[3.457s] DEBUG:colcon.colcon_core.event_handler.log_command:Invoked command in '/home/bhajneet/eyrc_hb/hb_task_2_ws/build/hb_world' returned '0': CMAKE_PREFIX_PATH=${CMAKE_PREFIX_PATH}:/home/bhajneet/eyrc_hb/hb_task1b_ws/install/hb_task_1b:/home/bhajneet/eyrc_hb/hb_task1a_ws/install/hb_task_1a:/opt/ros/humble /usr/bin/cmake --build /home/bhajneet/eyrc_hb/hb_task_2_ws/build/hb_world -- -j8 -l8
[3.482s] DEBUG:colcon.colcon_core.event_handler.log_command:Invoking command in '/home/bhajneet/eyrc_hb/hb_task_2_ws/build/hb_world': CMAKE_PREFIX_PATH=${CMAKE_PREFIX_PATH}:/home/bhajneet/eyrc_hb/hb_task1b_ws/install/hb_task_1b:/home/bhajneet/eyrc_hb/hb_task1a_ws/install/hb_task_1a:/opt/ros/humble /usr/bin/cmake --install /home/bhajneet/eyrc_hb/hb_task_2_ws/build/hb_world
[3.496s] Level 1:colcon.colcon_core.environment:create_environment_scripts_only(hb_world)
[3.497s] DEBUG:colcon.colcon_core.event_handler.log_command:Invoked command in '/home/bhajneet/eyrc_hb/hb_task_2_ws/build/hb_world' returned '0': CMAKE_PREFIX_PATH=${CMAKE_PREFIX_PATH}:/home/bhajneet/eyrc_hb/hb_task1b_ws/install/hb_task_1b:/home/bhajneet/eyrc_hb/hb_task1a_ws/install/hb_task_1a:/opt/ros/humble /usr/bin/cmake --install /home/bhajneet/eyrc_hb/hb_task_2_ws/build/hb_world
[3.511s] Level 1:colcon.colcon_core.environment:checking '/home/bhajneet/eyrc_hb/hb_task_2_ws/install/hb_world' for CMake module files
[3.512s] Level 1:colcon.colcon_core.environment:checking '/home/bhajneet/eyrc_hb/hb_task_2_ws/install/hb_world' for CMake config files
[3.512s] Level 1:colcon.colcon_core.shell:create_environment_hook('hb_world', 'cmake_prefix_path')
[3.528s] INFO:colcon.colcon_core.shell:Creating environment hook '/home/bhajneet/eyrc_hb/hb_task_2_ws/install/hb_world/share/hb_world/hook/cmake_prefix_path.ps1'
[3.529s] INFO:colcon.colcon_core.shell:Creating environment descriptor '/home/bhajneet/eyrc_hb/hb_task_2_ws/install/hb_world/share/hb_world/hook/cmake_prefix_path.dsv'
[3.529s] INFO:colcon.colcon_core.shell:Creating environment hook '/home/bhajneet/eyrc_hb/hb_task_2_ws/install/hb_world/share/hb_world/hook/cmake_prefix_path.sh'
[3.530s] Level 1:colcon.colcon_core.environment:checking '/home/bhajneet/eyrc_hb/hb_task_2_ws/install/hb_world/bin'
[3.530s] Level 1:colcon.colcon_core.environment:checking '/home/bhajneet/eyrc_hb/hb_task_2_ws/install/hb_world/lib/pkgconfig/hb_world.pc'
[3.530s] Level 1:colcon.colcon_core.environment:checking '/home/bhajneet/eyrc_hb/hb_task_2_ws/install/hb_world/lib/python3.10/site-packages'
[3.530s] Level 1:colcon.colcon_core.environment:checking '/home/bhajneet/eyrc_hb/hb_task_2_ws/install/hb_world/bin'
[3.545s] INFO:colcon.colcon_core.shell:Creating package script '/home/bhajneet/eyrc_hb/hb_task_2_ws/install/hb_world/share/hb_world/package.ps1'
[3.545s] INFO:colcon.colcon_core.shell:Creating package descriptor '/home/bhajneet/eyrc_hb/hb_task_2_ws/install/hb_world/share/hb_world/package.dsv'
[3.546s] INFO:colcon.colcon_core.shell:Creating package script '/home/bhajneet/eyrc_hb/hb_task_2_ws/install/hb_world/share/hb_world/package.sh'
[3.546s] INFO:colcon.colcon_core.shell:Creating package script '/home/bhajneet/eyrc_hb/hb_task_2_ws/install/hb_world/share/hb_world/package.bash'
[3.546s] INFO:colcon.colcon_core.shell:Creating package script '/home/bhajneet/eyrc_hb/hb_task_2_ws/install/hb_world/share/hb_world/package.zsh'
[3.547s] Level 1:colcon.colcon_core.environment:create_file_with_runtime_dependencies(/home/bhajneet/eyrc_hb/hb_task_2_ws/install/hb_world/share/colcon-core/packages/hb_world)
[3.564s] DEBUG:colcon.colcon_core.event_handler.log_command:Invoked command in '/home/bhajneet/eyrc_hb/hb_task_2_ws/build/my_robot_interfaces' returned '0': CMAKE_PREFIX_PATH=${CMAKE_PREFIX_PATH}:/home/bhajneet/eyrc_hb/hb_task1b_ws/install/hb_task_1b:/home/bhajneet/eyrc_hb/hb_task1a_ws/install/hb_task_1a:/opt/ros/humble /usr/bin/cmake /home/bhajneet/eyrc_hb/hb_task_2_ws/src/eYRC-2023_Hologlyph_Bots/my_robot_interfaces -DCMAKE_INSTALL_PREFIX=/home/bhajneet/eyrc_hb/hb_task_2_ws/install/my_robot_interfaces
[3.565s] DEBUG:colcon.colcon_core.event_handler.log_command:Invoking command in '/home/bhajneet/eyrc_hb/hb_task_2_ws/build/my_robot_interfaces': CMAKE_PREFIX_PATH=${CMAKE_PREFIX_PATH}:/home/bhajneet/eyrc_hb/hb_task1b_ws/install/hb_task_1b:/home/bhajneet/eyrc_hb/hb_task1a_ws/install/hb_task_1a:/opt/ros/humble /usr/bin/cmake --build /home/bhajneet/eyrc_hb/hb_task_2_ws/build/my_robot_interfaces -- -j8 -l8
[3.583s] Level 1:colcon.colcon_core.environment:create_environment_scripts_only(hb_world)
[3.595s] Level 1:colcon.colcon_core.environment:checking '/home/bhajneet/eyrc_hb/hb_task_2_ws/install/hb_world' for CMake module files
[3.596s] Level 1:colcon.colcon_core.environment:checking '/home/bhajneet/eyrc_hb/hb_task_2_ws/install/hb_world' for CMake config files
[3.596s] Level 1:colcon.colcon_core.shell:create_environment_hook('hb_world', 'cmake_prefix_path')
[3.611s] INFO:colcon.colcon_core.shell:Creating environment hook '/home/bhajneet/eyrc_hb/hb_task_2_ws/install/hb_world/share/hb_world/hook/cmake_prefix_path.ps1'
[3.611s] INFO:colcon.colcon_core.shell:Creating environment descriptor '/home/bhajneet/eyrc_hb/hb_task_2_ws/install/hb_world/share/hb_world/hook/cmake_prefix_path.dsv'
[3.611s] INFO:colcon.colcon_core.shell:Creating environment hook '/home/bhajneet/eyrc_hb/hb_task_2_ws/install/hb_world/share/hb_world/hook/cmake_prefix_path.sh'
[3.612s] Level 1:colcon.colcon_core.environment:checking '/home/bhajneet/eyrc_hb/hb_task_2_ws/install/hb_world/bin'
[3.612s] Level 1:colcon.colcon_core.environment:checking '/home/bhajneet/eyrc_hb/hb_task_2_ws/install/hb_world/lib/pkgconfig/hb_world.pc'
[3.612s] Level 1:colcon.colcon_core.environment:checking '/home/bhajneet/eyrc_hb/hb_task_2_ws/install/hb_world/lib/python3.10/site-packages'
[3.613s] Level 1:colcon.colcon_core.environment:checking '/home/bhajneet/eyrc_hb/hb_task_2_ws/install/hb_world/bin'
[3.628s] INFO:colcon.colcon_core.shell:Creating package script '/home/bhajneet/eyrc_hb/hb_task_2_ws/install/hb_world/share/hb_world/package.ps1'
[3.628s] INFO:colcon.colcon_core.shell:Creating package descriptor '/home/bhajneet/eyrc_hb/hb_task_2_ws/install/hb_world/share/hb_world/package.dsv'
[3.629s] INFO:colcon.colcon_core.shell:Creating package script '/home/bhajneet/eyrc_hb/hb_task_2_ws/install/hb_world/share/hb_world/package.sh'
[3.629s] INFO:colcon.colcon_core.shell:Creating package script '/home/bhajneet/eyrc_hb/hb_task_2_ws/install/hb_world/share/hb_world/package.bash'
[3.630s] INFO:colcon.colcon_core.shell:Creating package script '/home/bhajneet/eyrc_hb/hb_task_2_ws/install/hb_world/share/hb_world/package.zsh'
[3.630s] Level 1:colcon.colcon_core.environment:create_file_with_runtime_dependencies(/home/bhajneet/eyrc_hb/hb_task_2_ws/install/hb_world/share/colcon-core/packages/hb_world)
[5.665s] DEBUG:colcon.colcon_core.event_handler.log_command:Invoked command in '/home/bhajneet/eyrc_hb/hb_task_2_ws/build/my_robot_interfaces' returned '0': CMAKE_PREFIX_PATH=${CMAKE_PREFIX_PATH}:/home/bhajneet/eyrc_hb/hb_task1b_ws/install/hb_task_1b:/home/bhajneet/eyrc_hb/hb_task1a_ws/install/hb_task_1a:/opt/ros/humble /usr/bin/cmake --build /home/bhajneet/eyrc_hb/hb_task_2_ws/build/my_robot_interfaces -- -j8 -l8
[5.720s] DEBUG:colcon.colcon_core.event_handler.log_command:Invoking command in '/home/bhajneet/eyrc_hb/hb_task_2_ws/build/my_robot_interfaces': CMAKE_PREFIX_PATH=${CMAKE_PREFIX_PATH}:/home/bhajneet/eyrc_hb/hb_task1b_ws/install/hb_task_1b:/home/bhajneet/eyrc_hb/hb_task1a_ws/install/hb_task_1a:/opt/ros/humble /usr/bin/cmake --install /home/bhajneet/eyrc_hb/hb_task_2_ws/build/my_robot_interfaces
[5.786s] Level 1:colcon.colcon_core.environment:create_environment_scripts_only(my_robot_interfaces)
[5.787s] DEBUG:colcon.colcon_core.event_handler.log_command:Invoked command in '/home/bhajneet/eyrc_hb/hb_task_2_ws/build/my_robot_interfaces' returned '0': CMAKE_PREFIX_PATH=${CMAKE_PREFIX_PATH}:/home/bhajneet/eyrc_hb/hb_task1b_ws/install/hb_task_1b:/home/bhajneet/eyrc_hb/hb_task1a_ws/install/hb_task_1a:/opt/ros/humble /usr/bin/cmake --install /home/bhajneet/eyrc_hb/hb_task_2_ws/build/my_robot_interfaces
[5.799s] Level 1:colcon.colcon_core.environment:checking '/home/bhajneet/eyrc_hb/hb_task_2_ws/install/my_robot_interfaces' for CMake module files
[5.800s] Level 1:colcon.colcon_core.environment:checking '/home/bhajneet/eyrc_hb/hb_task_2_ws/install/my_robot_interfaces' for CMake config files
[5.800s] Level 1:colcon.colcon_core.shell:create_environment_hook('my_robot_interfaces', 'cmake_prefix_path')
[5.812s] INFO:colcon.colcon_core.shell:Creating environment hook '/home/bhajneet/eyrc_hb/hb_task_2_ws/install/my_robot_interfaces/share/my_robot_interfaces/hook/cmake_prefix_path.ps1'
[5.812s] INFO:colcon.colcon_core.shell:Creating environment descriptor '/home/bhajneet/eyrc_hb/hb_task_2_ws/install/my_robot_interfaces/share/my_robot_interfaces/hook/cmake_prefix_path.dsv'
[5.812s] INFO:colcon.colcon_core.shell:Creating environment hook '/home/bhajneet/eyrc_hb/hb_task_2_ws/install/my_robot_interfaces/share/my_robot_interfaces/hook/cmake_prefix_path.sh'
[5.813s] Level 1:colcon.colcon_core.environment:checking '/home/bhajneet/eyrc_hb/hb_task_2_ws/install/my_robot_interfaces/lib'
[5.813s] Level 1:colcon.colcon_core.shell:create_environment_hook('my_robot_interfaces', 'ld_library_path_lib')
[5.825s] INFO:colcon.colcon_core.shell:Creating environment hook '/home/bhajneet/eyrc_hb/hb_task_2_ws/install/my_robot_interfaces/share/my_robot_interfaces/hook/ld_library_path_lib.ps1'
[5.825s] INFO:colcon.colcon_core.shell:Creating environment descriptor '/home/bhajneet/eyrc_hb/hb_task_2_ws/install/my_robot_interfaces/share/my_robot_interfaces/hook/ld_library_path_lib.dsv'
[5.826s] INFO:colcon.colcon_core.shell:Creating environment hook '/home/bhajneet/eyrc_hb/hb_task_2_ws/install/my_robot_interfaces/share/my_robot_interfaces/hook/ld_library_path_lib.sh'
[5.826s] Level 1:colcon.colcon_core.environment:checking '/home/bhajneet/eyrc_hb/hb_task_2_ws/install/my_robot_interfaces/bin'
[5.826s] Level 1:colcon.colcon_core.environment:checking '/home/bhajneet/eyrc_hb/hb_task_2_ws/install/my_robot_interfaces/lib/pkgconfig/my_robot_interfaces.pc'
[5.826s] Level 1:colcon.colcon_core.environment:checking '/home/bhajneet/eyrc_hb/hb_task_2_ws/install/my_robot_interfaces/lib/python3.10/site-packages'
[5.826s] Level 1:colcon.colcon_core.environment:checking '/home/bhajneet/eyrc_hb/hb_task_2_ws/install/my_robot_interfaces/bin'
[5.839s] INFO:colcon.colcon_core.shell:Creating package script '/home/bhajneet/eyrc_hb/hb_task_2_ws/install/my_robot_interfaces/share/my_robot_interfaces/package.ps1'
[5.839s] INFO:colcon.colcon_core.shell:Creating package descriptor '/home/bhajneet/eyrc_hb/hb_task_2_ws/install/my_robot_interfaces/share/my_robot_interfaces/package.dsv'
[5.839s] INFO:colcon.colcon_core.shell:Creating package script '/home/bhajneet/eyrc_hb/hb_task_2_ws/install/my_robot_interfaces/share/my_robot_interfaces/package.sh'
[5.840s] INFO:colcon.colcon_core.shell:Creating package script '/home/bhajneet/eyrc_hb/hb_task_2_ws/install/my_robot_interfaces/share/my_robot_interfaces/package.bash'
[5.840s] INFO:colcon.colcon_core.shell:Creating package script '/home/bhajneet/eyrc_hb/hb_task_2_ws/install/my_robot_interfaces/share/my_robot_interfaces/package.zsh'
[5.840s] Level 1:colcon.colcon_core.environment:create_file_with_runtime_dependencies(/home/bhajneet/eyrc_hb/hb_task_2_ws/install/my_robot_interfaces/share/colcon-core/packages/my_robot_interfaces)
[5.934s] Level 1:colcon.colcon_core.environment:create_environment_scripts_only(my_robot_interfaces)
[5.946s] Level 1:colcon.colcon_core.environment:checking '/home/bhajneet/eyrc_hb/hb_task_2_ws/install/my_robot_interfaces' for CMake module files
[5.946s] Level 1:colcon.colcon_core.environment:checking '/home/bhajneet/eyrc_hb/hb_task_2_ws/install/my_robot_interfaces' for CMake config files
[5.946s] Level 1:colcon.colcon_core.shell:create_environment_hook('my_robot_interfaces', 'cmake_prefix_path')
[5.959s] INFO:colcon.colcon_core.shell:Creating environment hook '/home/bhajneet/eyrc_hb/hb_task_2_ws/install/my_robot_interfaces/share/my_robot_interfaces/hook/cmake_prefix_path.ps1'
[5.959s] INFO:colcon.colcon_core.shell:Creating environment descriptor '/home/bhajneet/eyrc_hb/hb_task_2_ws/install/my_robot_interfaces/share/my_robot_interfaces/hook/cmake_prefix_path.dsv'
[5.959s] INFO:colcon.colcon_core.shell:Creating environment hook '/home/bhajneet/eyrc_hb/hb_task_2_ws/install/my_robot_interfaces/share/my_robot_interfaces/hook/cmake_prefix_path.sh'
[5.960s] Level 1:colcon.colcon_core.environment:checking '/home/bhajneet/eyrc_hb/hb_task_2_ws/install/my_robot_interfaces/lib'
[5.960s] Level 1:colcon.colcon_core.shell:create_environment_hook('my_robot_interfaces', 'ld_library_path_lib')
[5.972s] INFO:colcon.colcon_core.shell:Creating environment hook '/home/bhajneet/eyrc_hb/hb_task_2_ws/install/my_robot_interfaces/share/my_robot_interfaces/hook/ld_library_path_lib.ps1'
[5.973s] INFO:colcon.colcon_core.shell:Creating environment descriptor '/home/bhajneet/eyrc_hb/hb_task_2_ws/install/my_robot_interfaces/share/my_robot_interfaces/hook/ld_library_path_lib.dsv'
[5.973s] INFO:colcon.colcon_core.shell:Creating environment hook '/home/bhajneet/eyrc_hb/hb_task_2_ws/install/my_robot_interfaces/share/my_robot_interfaces/hook/ld_library_path_lib.sh'
[5.973s] Level 1:colcon.colcon_core.environment:checking '/home/bhajneet/eyrc_hb/hb_task_2_ws/install/my_robot_interfaces/bin'
[5.973s] Level 1:colcon.colcon_core.environment:checking '/home/bhajneet/eyrc_hb/hb_task_2_ws/install/my_robot_interfaces/lib/pkgconfig/my_robot_interfaces.pc'
[5.973s] Level 1:colcon.colcon_core.environment:checking '/home/bhajneet/eyrc_hb/hb_task_2_ws/install/my_robot_interfaces/lib/python3.10/site-packages'
[5.973s] Level 1:colcon.colcon_core.environment:checking '/home/bhajneet/eyrc_hb/hb_task_2_ws/install/my_robot_interfaces/bin'
[5.986s] INFO:colcon.colcon_core.shell:Creating package script '/home/bhajneet/eyrc_hb/hb_task_2_ws/install/my_robot_interfaces/share/my_robot_interfaces/package.ps1'
[5.986s] INFO:colcon.colcon_core.shell:Creating package descriptor '/home/bhajneet/eyrc_hb/hb_task_2_ws/install/my_robot_interfaces/share/my_robot_interfaces/package.dsv'
[5.987s] INFO:colcon.colcon_core.shell:Creating package script '/home/bhajneet/eyrc_hb/hb_task_2_ws/install/my_robot_interfaces/share/my_robot_interfaces/package.sh'
[5.987s] INFO:colcon.colcon_core.shell:Creating package script '/home/bhajneet/eyrc_hb/hb_task_2_ws/install/my_robot_interfaces/share/my_robot_interfaces/package.bash'
[5.987s] INFO:colcon.colcon_core.shell:Creating package script '/home/bhajneet/eyrc_hb/hb_task_2_ws/install/my_robot_interfaces/share/my_robot_interfaces/package.zsh'
[5.988s] Level 1:colcon.colcon_core.environment:create_file_with_runtime_dependencies(/home/bhajneet/eyrc_hb/hb_task_2_ws/install/my_robot_interfaces/share/colcon-core/packages/my_robot_interfaces)
[5.988s] DEBUG:colcon.colcon_parallel_executor.executor.parallel:closing loop
[5.988s] DEBUG:colcon.colcon_parallel_executor.executor.parallel:loop closed
[5.989s] DEBUG:colcon.colcon_parallel_executor.executor.parallel:run_until_complete finished with '0'
[5.989s] DEBUG:colcon.colcon_core.event_reactor:joining thread
[6.005s] INFO:colcon.colcon_core.plugin_system:Skipping extension 'colcon_notification.desktop_notification.terminal_notifier': Not used on non-Darwin systems
[6.005s] INFO:colcon.colcon_core.plugin_system:Skipping extension 'colcon_notification.desktop_notification.win32': Not used on non-Windows systems
[6.005s] INFO:colcon.colcon_notification.desktop_notification:Sending desktop notification using 'notify2'
[6.016s] DEBUG:colcon.colcon_core.event_reactor:joined thread
[6.031s] INFO:colcon.colcon_core.shell:Creating prefix script '/home/bhajneet/eyrc_hb/hb_task_2_ws/install/local_setup.ps1'
[6.031s] INFO:colcon.colcon_core.shell:Creating prefix util module '/home/bhajneet/eyrc_hb/hb_task_2_ws/install/_local_setup_util_ps1.py'
[6.032s] INFO:colcon.colcon_core.shell:Creating prefix chain script '/home/bhajneet/eyrc_hb/hb_task_2_ws/install/setup.ps1'
[6.046s] INFO:colcon.colcon_core.shell:Creating prefix script '/home/bhajneet/eyrc_hb/hb_task_2_ws/install/local_setup.sh'
[6.046s] INFO:colcon.colcon_core.shell:Creating prefix util module '/home/bhajneet/eyrc_hb/hb_task_2_ws/install/_local_setup_util_sh.py'
[6.047s] INFO:colcon.colcon_core.shell:Creating prefix chain script '/home/bhajneet/eyrc_hb/hb_task_2_ws/install/setup.sh'
[6.060s] INFO:colcon.colcon_core.shell:Creating prefix script '/home/bhajneet/eyrc_hb/hb_task_2_ws/install/local_setup.bash'
[6.060s] INFO:colcon.colcon_core.shell:Creating prefix chain script '/home/bhajneet/eyrc_hb/hb_task_2_ws/install/setup.bash'
[6.080s] INFO:colcon.colcon_core.shell:Creating prefix script '/home/bhajneet/eyrc_hb/hb_task_2_ws/install/local_setup.zsh'
[6.081s] INFO:colcon.colcon_core.shell:Creating prefix chain script '/home/bhajneet/eyrc_hb/hb_task_2_ws/install/setup.zsh'
