[1.047s] Invoking command in '/home/bhajneet/eyrc_hb/hb_task1b_ws/src/hb_task_1b': PYTHONPATH=/home/bhajneet/eyrc_hb/hb_task1b_ws/build/hb_task_1b/prefix_override:/home/bhajneet/eyrc_hb/hb_task1b_ws/install/hb_task_1b/lib/python3.10/site-packages:${PYTHONPATH} /usr/bin/python3 setup.py egg_info --egg-base ../../build/hb_task_1b build --build-base /home/bhajneet/eyrc_hb/hb_task1b_ws/build/hb_task_1b/build install --record /home/bhajneet/eyrc_hb/hb_task1b_ws/build/hb_task_1b/install.log --single-version-externally-managed
[1.370s] running egg_info
[1.370s] creating ../../build/hb_task_1b/hb_task_1b.egg-info
[1.370s] writing ../../build/hb_task_1b/hb_task_1b.egg-info/PKG-INFO
[1.371s] writing dependency_links to ../../build/hb_task_1b/hb_task_1b.egg-info/dependency_links.txt
[1.371s] writing entry points to ../../build/hb_task_1b/hb_task_1b.egg-info/entry_points.txt
[1.371s] writing requirements to ../../build/hb_task_1b/hb_task_1b.egg-info/requires.txt
[1.371s] writing top-level names to ../../build/hb_task_1b/hb_task_1b.egg-info/top_level.txt
[1.371s] writing manifest file '../../build/hb_task_1b/hb_task_1b.egg-info/SOURCES.txt'
[1.374s] reading manifest file '../../build/hb_task_1b/hb_task_1b.egg-info/SOURCES.txt'
[1.375s] writing manifest file '../../build/hb_task_1b/hb_task_1b.egg-info/SOURCES.txt'
[1.375s] running build
[1.376s] running build_py
[1.376s] creating /home/bhajneet/eyrc_hb/hb_task1b_ws/build/hb_task_1b/build
[1.376s] creating /home/bhajneet/eyrc_hb/hb_task1b_ws/build/hb_task_1b/build/lib
[1.376s] creating /home/bhajneet/eyrc_hb/hb_task1b_ws/build/hb_task_1b/build/lib/hb_task_1b
[1.376s] copying hb_task_1b/__init__.py -> /home/bhajneet/eyrc_hb/hb_task1b_ws/build/hb_task_1b/build/lib/hb_task_1b
[1.376s] running install
[1.376s] running install_lib
[1.377s] creating /home/bhajneet/eyrc_hb/hb_task1b_ws/install/hb_task_1b/lib/python3.10/site-packages/hb_task_1b
[1.377s] copying /home/bhajneet/eyrc_hb/hb_task1b_ws/build/hb_task_1b/build/lib/hb_task_1b/__init__.py -> /home/bhajneet/eyrc_hb/hb_task1b_ws/install/hb_task_1b/lib/python3.10/site-packages/hb_task_1b
[1.378s] byte-compiling /home/bhajneet/eyrc_hb/hb_task1b_ws/install/hb_task_1b/lib/python3.10/site-packages/hb_task_1b/__init__.py to __init__.cpython-310.pyc
[1.378s] running install_data
[1.379s] creating /home/bhajneet/eyrc_hb/hb_task1b_ws/install/hb_task_1b/share/ament_index
[1.379s] creating /home/bhajneet/eyrc_hb/hb_task1b_ws/install/hb_task_1b/share/ament_index/resource_index
[1.379s] creating /home/bhajneet/eyrc_hb/hb_task1b_ws/install/hb_task_1b/share/ament_index/resource_index/packages
[1.379s] copying resource/hb_task_1b -> /home/bhajneet/eyrc_hb/hb_task1b_ws/install/hb_task_1b/share/ament_index/resource_index/packages
[1.379s] copying package.xml -> /home/bhajneet/eyrc_hb/hb_task1b_ws/install/hb_task_1b/share/hb_task_1b
[1.379s] creating /home/bhajneet/eyrc_hb/hb_task1b_ws/install/hb_task_1b/share/hb_task_1b/launch
[1.380s] copying launch/gazebo.launch.py -> /home/bhajneet/eyrc_hb/hb_task1b_ws/install/hb_task_1b/share/hb_task_1b/launch
[1.380s] copying launch/hb_task1b.launch.py -> /home/bhajneet/eyrc_hb/hb_task1b_ws/install/hb_task_1b/share/hb_task_1b/launch
[1.380s] creating /home/bhajneet/eyrc_hb/hb_task1b_ws/install/hb_task_1b/share/hb_task_1b/urdf
[1.380s] copying urdf/materials.xacro -> /home/bhajneet/eyrc_hb/hb_task1b_ws/install/hb_task_1b/share/hb_task_1b/urdf
[1.380s] copying urdf/hb_bot.urdf.xacro -> /home/bhajneet/eyrc_hb/hb_task1b_ws/install/hb_task_1b/share/hb_task_1b/urdf
[1.380s] creating /home/bhajneet/eyrc_hb/hb_task1b_ws/install/hb_task_1b/share/hb_task_1b/meshes
[1.380s] copying meshes/base.dae -> /home/bhajneet/eyrc_hb/hb_task1b_ws/install/hb_task_1b/share/hb_task_1b/meshes
[1.382s] copying meshes/wheel.stl -> /home/bhajneet/eyrc_hb/hb_task1b_ws/install/hb_task_1b/share/hb_task_1b/meshes
[1.388s] copying meshes/17eyantra_logo_large e.png -> /home/bhajneet/eyrc_hb/hb_task1b_ws/install/hb_task_1b/share/hb_task_1b/meshes
[1.388s] creating /home/bhajneet/eyrc_hb/hb_task1b_ws/install/hb_task_1b/share/hb_task_1b/config
[1.388s] creating /home/bhajneet/eyrc_hb/hb_task1b_ws/install/hb_task_1b/share/hb_task_1b/worlds
[1.388s] copying worlds/gazebo.world -> /home/bhajneet/eyrc_hb/hb_task1b_ws/install/hb_task_1b/share/hb_task_1b/worlds
[1.388s] running install_egg_info
[1.390s] Copying ../../build/hb_task_1b/hb_task_1b.egg-info to /home/bhajneet/eyrc_hb/hb_task1b_ws/install/hb_task_1b/lib/python3.10/site-packages/hb_task_1b-0.0.0-py3.10.egg-info
[1.391s] running install_scripts
[1.416s] Installing controller script to /home/bhajneet/eyrc_hb/hb_task1b_ws/install/hb_task_1b/lib/hb_task_1b
[1.416s] Installing service_node script to /home/bhajneet/eyrc_hb/hb_task1b_ws/install/hb_task_1b/lib/hb_task_1b
[1.417s] writing list of installed files to '/home/bhajneet/eyrc_hb/hb_task1b_ws/build/hb_task_1b/install.log'
[1.460s] Invoked command in '/home/bhajneet/eyrc_hb/hb_task1b_ws/src/hb_task_1b' returned '0': PYTHONPATH=/home/bhajneet/eyrc_hb/hb_task1b_ws/build/hb_task_1b/prefix_override:/home/bhajneet/eyrc_hb/hb_task1b_ws/install/hb_task_1b/lib/python3.10/site-packages:${PYTHONPATH} /usr/bin/python3 setup.py egg_info --egg-base ../../build/hb_task_1b build --build-base /home/bhajneet/eyrc_hb/hb_task1b_ws/build/hb_task_1b/build install --record /home/bhajneet/eyrc_hb/hb_task1b_ws/build/hb_task_1b/install.log --single-version-externally-managed
